0:100  0:100  MemLog inited, TSC freq: 2492343460
0:100  0:000  CPU was calibrated with RTC
0:100  0:000  
0:100  0:000  Now is 13.4.2019,  21:9:22 (GMT)
0:100  0:000  Starting Clover revision: 4910 on INSYDE Corp. EFI
0:100  0:000  Build with: [Args: -nb -mc --no-usb -D NO_GRUB_DRIVERS_EMBEDDED | -D DISABLE_USB_SUPPORT -D NO_GRUB_DRIVERS_EMBEDDED -D USE_BIOS_BLOCKIO -D USE_LOW_EBDA -D HAVE_LEGACY_EMURUNTIMEDXE -a X64 -b RELEASE -t XCODE8 -n 5 | OS: 10.13.6 | XCODE: 10.1]
0:100  0:000  SelfDevicePath=PciRoot(0x0)\Pci(0x14,0x0)\USB(0x10,0x0)\HD(1,MBR,0x1FE4F957,0x800,0x8F0D8) @7AAAE758
0:100  0:000  SelfDirPath = \EFI\BOOT
0:100  0:000  === [ Get Smbios ] ========================================
0:100  0:000  Type 16 Index = 0
0:100  0:000  Total Memory Slots Count = 2
0:100  0:000  Type 17 Index = 0
0:100  0:000  Ignoring insane frequency value 0MHz
0:100  0:000  SmbiosTable.Type17->Speed = 0MHz
0:100  0:000  SmbiosTable.Type17->Size = 0MB
0:100  0:000  SmbiosTable.Type17->Bank/Device = BANK 0 Bottom-Slot 1(left) 
0:100  0:000  SmbiosTable.Type17->Vendor = <null string>
0:100  0:000  SmbiosTable.Type17->SerialNumber = <null string>
0:100  0:000  SmbiosTable.Type17->PartNumber = <null string>
0:100  0:000  Type 17 Index = 1
0:100  0:000  SmbiosTable.Type17->Speed = 2400MHz
0:100  0:000  SmbiosTable.Type17->Size = 8192MB
0:100  0:000  SmbiosTable.Type17->Bank/Device = BANK 2 Bottom-Slot 2(right)
0:100  0:000  SmbiosTable.Type17->Vendor = Samsung
0:100  0:000  SmbiosTable.Type17->SerialNumber = 35AAFC45
0:100  0:000  SmbiosTable.Type17->PartNumber = M471A1K43CB1-CRC    
0:100  0:000  Boot status=0
0:100  0:000  Running on: 'OMEN by HP Laptop' with board '8259'
0:100  0:000  === [ GetCPUProperties ] ==================================
0:100  0:000  CPU Vendor = 756E6547 Model=906E9
0:100  0:000   The CPU supported SSE4.1
0:100  0:000  BrandString = Intel(R) Core(TM) i5-7300HQ CPU @ 2.50GHz
0:100  0:000   The CPU supported turbo
0:100  0:000  MSR 0x35               40004
0:100  0:000   TSC/CCC Information Leaf:
0:100  0:000    numerator     : 208
0:100  0:000    denominator   : 2
0:100  0:000   Calibrated ARTFrequency: 23964840
0:100  0:000  MSR 0xE2 before patch 1E000008
0:100  0:000  MSR 0xCE              0008083B_F1011900
0:100  0:000  corrected FLEX_RATIO = 0
0:100  0:000  MSR 0x1B0             00000000
0:100  0:000  FSBFrequency = 96 MHz, DMI FSBFrequency = 100 MHz, Corrected FSBFrequency = 100 MHz
0:100  0:000  MaxDiv/MinDiv: 25.0/8
0:100  0:000  Turbo: 31/32/33/35
0:100  0:000  Features: 0xBFEBFBFF
0:100  0:000  Threads: 4
0:100  0:000  Cores: 4
0:100  0:000  FSB: 100 MHz
0:100  0:000  CPU: 2400 MHz
0:100  0:000  TSC: 2400 MHz
0:100  0:000  PIS: 100 MHz
0:100  0:000  ExternalClock: 25 MHz
0:100  0:000  === [ GetDevices ] ========================================
0:100  0:000  PCI (00|00:00.00) : 8086 5910 class=060000
0:100  0:000  PCI (00|00:01.00) : 8086 1901 class=060400
0:100  0:000  PCI (00|01:00.00) : 10DE 1C8D class=030200
0:100  0:000  PCI (00|01:00.01) : FFFF FFFF class=FFFFFF
0:100  0:000  PCI (00|00:02.00) : 8086 591B class=030000
0:100  0:000   - GFX: Model=Intel HD Graphics 630 (Intel)
0:100  0:000  PCI (00|00:04.00) : 8086 1903 class=118000
0:100  0:000  PCI (00|00:14.00) : 8086 A12F class=0C0330
0:100  0:000  PCI (00|00:14.02) : 8086 A131 class=118000
0:100  0:000  PCI (00|00:16.00) : 8086 A13A class=078000
0:100  0:000  PCI (00|00:17.00) : 8086 A103 class=010601
0:100  0:000  PCI (00|00:1C.00) : 8086 A110 class=060400
0:100  0:000  PCI (00|00:1C.04) : 8086 A114 class=060400
0:100  0:000  PCI (00|03:00.00) : 10EC 522A class=FF0000
0:100  0:000  PCI (00|00:1C.05) : 8086 A115 class=060400
0:100  0:000  PCI (00|04:00.00) : 8086 095A class=028000
0:100  0:000   - WIFI: Vendor=Intel
0:100  0:000  PCI (00|00:1C.06) : 8086 A116 class=060400
0:100  0:000  PCI (00|05:00.00) : 10EC 8168 class=020000
0:100  0:000   - LAN: 0 Vendor=Realtek
0:100  0:000  PCI (00|00:1F.00) : 8086 A152 class=060100
0:100  0:000  PCI (00|00:1F.02) : 8086 A121 class=058000
0:100  0:000  PCI (00|00:1F.03) : 8086 A171 class=040300
0:100  0:000  PCI (00|00:1F.04) : 8086 A123 class=0C0500
0:100  0:000  === [ GetDefaultSettings ] ================================
0:101  0:000  Clover load options size = 0 bytes
0:103  0:002  EFI\CLOVER\config.plist loaded: Success
0:103  0:000  === [ GetListOfThemes ] ===================================
0:104  0:000  - [00]: embedded
0:104  0:000  - [00]: newyear
0:105  0:000  - [01]: random
0:106  0:000  === [ Found config plists ] ===============================
0:106  0:000  - config.plist
0:106  0:000  === [ GetEarlyUserSettings ] ==============================
0:106  0:000  timeout set to 5
0:106  0:000  Custom boot CUSTOM_BOOT_DISABLED (0x0)
0:106  0:000  KextsToPatch: 5 requested
0:106  0:000   - [00]: com.apple.iokit.IOGraphicsFamily (Boot graphics glitch, 10.13 beta (based on denskop patch)) :: MatchOS: 10.13.x :: BinPatch :: data len: 5
0:106  0:000   - [01]: AppleUSBXHCIPCI (USB Port Limit Patch) :: BinPatch :: data len: 4
0:106  0:000   - [02]: com.apple.iokit.IOAHCIBlockStorage (Enable TRIM for SSD) :: BinPatch :: data len: 11
0:106  0:000   - [03]: com.apple.driver.AppleIntelSKLGraphicsFramebuffer (eDP, port 0000, 0x191e0000, 0x19160000, 0x19260000, 0x19270000, 0x191b0000, 0x19160002, 0x19260002, 0x191e0003, 0x19260004, 0x19270004, 0x193b0005 credit syscl) :: BinPatch :: data len: 20
0:106  0:000   - [04]: IONVMeFamily (External NVME Icon Patch   ) :: BinPatch :: data len: 8
0:106  0:000  KernelToPatch: 3 requested
0:106  0:000   - [00]: MSR 0xE2 _xcpm_idle instant reboot(c) Pike R. Alpha :: data len: 8
0:106  0:000   - [01]: External NVMe FIX :: MatchOS: 10.13.x :: data len: 8
0:106  0:000   - [02]: 10.13 Installer/Updater essential :: MatchOS: 10.12.x,10.13.x :: data len: 11
0:106  0:000  Default theme: imac.hk
0:106  0:000  Hiding entries with string BOOTX64.EFI
0:106  0:000  Hiding entries with string Windows
0:106  0:000  === [ LoadDrivers ] =======================================
0:107  0:000  Loading ApfsDriverLoader-64.efi  status=Success
0:108  0:000   - driver needs connecting
0:108  0:000  Loading AptioMemoryFix-64.efi  status=Success
0:109  0:000  Loading DataHubDxe-64.efi  status=Success
0:109  0:000  Loading HFSPlus.efi  status=Success
0:109  0:000   - driver needs connecting
0:109  0:000  Loading OsxFatBinaryDrv-64.efi  status=Success
0:109  0:000  Loading FSInject-64.efi  status=Success
0:110  0:000  Loading SMCHelper-64.efi  status=Success
0:111  0:000  Loading AudioDxe-64.efi  status=Success
0:112  0:000   - driver needs connecting
0:112  0:000  3 drivers needs connecting ...
0:112  0:000  PlatformDriverOverrideProtocol not found. Installing ... Success
0:112  0:000  HFS+ driver loaded
0:112  0:000  APFS driver loaded
0:112  0:000  Searching for invalid DiskIo BY_DRIVER connects: not found, all ok
4:121  4:009  === [ InitScreen ] ========================================
4:121  0:000  Console modes reported: 6, available modes:
4:121  0:000   - [01]: 80x25
4:121  0:000   - [02]: 80x50
4:121  0:000   - [03]: 80x25
4:121  0:000   - [04]: 240x56 (current mode)
4:121  0:000   - [05]: 128x40
4:121  0:000   - [06]: 100x31
4:121  0:000  SetMaxResolution: found best mode 0: 1920x1080
4:121  0:000   - already set
4:121  0:000  SetScreenResolution: 1920x1080 - already set
4:121  0:000  reinit: self device path=PciRoot(0x0)\Pci(0x14,0x0)\USB(0x10,0x0)\HD(1,MBR,0x1FE4F957,0x800,0x8F0D8)
4:121  0:000  === [ GetMacAddress ] =====================================
4:121  0:000  MAC address of LAN #0= 3C:52:82:E2:1A:B1:
4:121  0:000  === [ ScanSPD ] ===========================================
4:122  0:000  Scanning SMBus [8086:A123], mmio: 0xB4435004, ioport: 0x5040, hostc: 0x11
4:140  0:018  Slot: 2 Type 26 8192MB 2400MHz Vendor=Samsung PartNo=M471A1K43CB1-CRC SerialNo=03050A0A0F0C0405
4:141  0:000  === [ GetAcpiTablesList ] =================================
4:141  0:000  Get Acpi Tables List from RSDT:
4:141  0:000   - [00]: FACP  SLIC-MPC len=268
4:141  0:000   - [01]: UEFI  8259     len=566
4:141  0:000   - [02]: UEFI  8259     len=66
4:141  0:000   - [03]: SSDT  8259     len=28712
4:141  0:000   - [04]: MSDM  SLIC-MPC len=85
4:141  0:000   - [05]: SSDT  8259     len=12606
4:141  0:000   - [06]: SSDT  8259     len=8246
4:141  0:000   - [07]: SSDT  8259     len=13258
4:141  0:000   - [08]: ASF!  8259     len=165
4:141  0:000   - [09]: ASPT  8259     len=52
4:141  0:000   - [10]: BOOT  8259     len=40
4:141  0:000   - [11]: DBGP  SLIC-MPC len=52
4:141  0:000   - [12]: HPET  8259     len=56
4:141  0:000   - [13]: APIC  8259     len=188
4:141  0:000   - [14]: MCFG  8259     len=60
4:141  0:000   - [15]: SSDT  8259     len=444
4:141  0:000   - [16]: LPIT  8259     len=148
4:141  0:000   - [17]: WSMT  8259     len=40
4:141  0:000   - [18]: SSDT  8259     len=671
4:141  0:000   - [19]: SSDT  8259     len=838
4:141  0:000   - [20]: SSDT  8259     len=12290
4:141  0:000   - [21]: SSDT  8259     len=1310
4:141  0:000   - [22]: DBGP  SLIC-MPC len=52
4:141  0:000   - [23]: DBG2  8259     len=84
4:141  0:000   - [24]: SSDT  8259     len=4202
4:141  0:000   - [25]: SSDT  8259     len=3806
4:141  0:000   - [26]: SSDT  8259     len=18446
4:141  0:000   - [27]: DMAR  8259     len=168
4:141  0:000   - [28]: FPDT  SLIC-MPC len=68
4:141  0:000   - [29]: BGRT  8259     len=56
4:141  0:000  Calibrated TSC Frequency = 2492343460 = 2492MHz
4:141  0:000  === [ GetUserSettings ] ===================================
4:141  0:000  Add 1 properties:
4:141  0:000   - [00]: IntelGFX Key: AAPL,GfxYTile, len: 4
4:141  0:000  USB FixOwnership: yes
4:141  0:000  Dropping 8 tables:
4:141  0:000   - [00]: Drop table  signature="MCFG" (4746434D)
4:141  0:000           - set table: 4746434D,                0 to drop: yes
4:141  0:000   - [01]: Drop table  signature="DMAR" (52414D44)
4:141  0:000           - set table: 52414D44,                0 to drop: yes
4:141  0:000   - [02]: Drop table  signature="SSDT" (54445353) table-id="xh_rvp10" (30317076725F6878)
4:141  0:000           - set table: 54445353, 30317076725F6878 to drop: no
4:141  0:000   - [03]: Drop table  signature="SSDT" (54445353) table-id="CpuPm" (0000006D50757043)
4:141  0:000           - set table: 54445353,       6D50757043 to drop: no
4:141  0:000   - [04]: Drop table  signature="SSDT" (54445353) table-id="Cpu0Cst" (0074734330757043)
4:141  0:000           - set table: 54445353,   74734330757043 to drop: no
4:141  0:000   - [05]: Drop table  signature="SSDT" (54445353) table-id="Cpu0Ist" (0074734930757043)
4:141  0:000           - set table: 54445353,   74734930757043 to drop: no
4:141  0:000   - [06]: Drop table  signature="SSDT" (54445353) table-id="ApCst" (0000007473437041)
4:141  0:000           - set table: 54445353,       7473437041 to drop: no
4:141  0:000   - [07]: Drop table  signature="SSDT" (54445353) table-id="ApIst" (0000007473497041)
4:141  0:000           - set table: 54445353,       7473497041 to drop: no
4:141  0:000   - final DSDT Fix mask=002615F1
4:141  0:000  PatchesDSDT: 14 requested
4:141  0:000   - [00]: (change EC0 to EC) lenToFind: 4, lenToReplace: 4, Target Bridge: <null string>
4:141  0:000   - [01]: (change CLRI to XLRI for Battery Hotpatch) lenToFind: 7, lenToReplace: 7, Target Bridge: <null string>
4:141  0:000   - [02]: (change UPBS to XPBS for Battery Hotpatch) lenToFind: 7, lenToReplace: 7, Target Bridge: <null string>
4:141  0:000   - [03]: (change UPBI to XPBI for Battery Hotpatch) lenToFind: 7, lenToReplace: 7, Target Bridge: <null string>
4:141  0:000   - [04]: (change SMWR to XMWR for Battery Hotpatch) lenToFind: 7, lenToReplace: 7, Target Bridge: <null string>
4:141  0:000   - [05]: (change SMRD to XMRD for Battery Hotpatch) lenToFind: 7, lenToReplace: 7, Target Bridge: <null string>
4:141  0:000   - [06]: (change _BST to XBST for Battery Hotpatch) lenToFind: 7, lenToReplace: 7, Target Bridge: <null string>
4:141  0:000   - [07]: (Change _OSI to XOSI) lenToFind: 4, lenToReplace: 4, Target Bridge: <null string>
4:141  0:000    patch disabled at config
4:141  0:000   - [08]: (change EHC1 to EH01) lenToFind: 4, lenToReplace: 4, Target Bridge: <null string>
4:141  0:000   - [09]: (change EHC2 to EH02) lenToFind: 4, lenToReplace: 4, Target Bridge: <null string>
4:141  0:000   - [10]: (change HDAS to HDEF) lenToFind: 4, lenToReplace: 4, Target Bridge: <null string>
4:141  0:000   - [11]: (change HECI to IMEI) lenToFind: 4, lenToReplace: 4, Target Bridge: <null string>
4:141  0:000   - [12]: (change MEI to IMEI) lenToFind: 4, lenToReplace: 4, Target Bridge: <null string>
4:141  0:000   - [13]: (change GFX0 to IGPU) lenToFind: 4, lenToReplace: 4, Target Bridge: <null string>
4:141  0:000  Using ProductName from config: MacBookPro13,1
4:141  0:000  Using latest BiosVersion from clover
4:141  0:000  BiosVersion: MBP131.88Z.F000.B00.1902141510
4:141  0:000  BiosReleaseDate: 02/14/2019
4:141  0:000  Using EfiVersion from clover: 231.0.0.0.0
4:141  0:000  Using FirmwareFeatures from config: 0xFC0FE136
4:141  0:000  Using FirmwareFeaturesMask from config: 0xFF1FFF3F
4:141  0:000  Using PlatformFeature from clover: 0x1A
4:141  0:000  Board-ID set from config as Mac-473D31EABEB93F9B
4:141  0:000  BoardType: 0xA
4:141  0:000  ChassisType: 0x9
4:143  0:001  === [ Found DSDT tables ] =================================
4:223  0:080  === [ ScanVolumes ] =======================================
4:223  0:000  Found 16 volumes with blockIO
4:223  0:000  - [00]: Volume: PciRoot(0x0)\Pci(0x17,0x0)\Sata(0x0,0x0,0x0)
4:224  0:001  - [01]: Volume: PciRoot(0x0)\Pci(0x17,0x0)\Sata(0x1,0x0,0x0)
4:226  0:001  - [02]: Volume: PciRoot(0x0)\Pci(0x14,0x0)\USB(0x10,0x0)
4:227  0:000          Result of bootcode detection: bootable unknown (legacy)
4:227  0:000          USB volume
4:227  0:000  - [03]: Volume: PciRoot(0x0)\Pci(0x14,0x0)\USB(0x10,0x0)\HD(1,MBR,0x1FE4F957,0x800,0x8F0D8)
4:227  0:000          Result of bootcode detection: bootable unknown (legacy)
4:227  0:000          USB volume
4:228  0:000          This is SelfVolume !!
4:228  0:000  - [04]: Volume: PciRoot(0x0)\Pci(0x14,0x0)\USB(0x10,0x0)\HD(2,MBR,0x1FE4F957,0x90000,0xC1A000)
4:229  0:000          USB volume
4:229  0:000  - [05]: Volume: PciRoot(0x0)\Pci(0x14,0x0)\USB(0x10,0x0)\HD(3,MBR,0x1FE4F957,0xCAA000,0x2E37000)
4:229  0:000          Result of bootcode detection: bootable unknown (legacy)
4:229  0:000          USB volume
4:229  0:000  - [06]: Volume: PciRoot(0x0)\Pci(0x17,0x0)\Sata(0x0,0x0,0x0)\HD(1,GPT,F29332C9-DA77-4385-B562-73AB7EF3DD04,0x800,0x31800)
4:229  0:000          Result of bootcode detection: bootable Windows (vista,win)
4:233  0:003  - [07]: Volume: PciRoot(0x0)\Pci(0x17,0x0)\Sata(0x0,0x0,0x0)\HD(2,GPT,B1BB4C94-B61F-4174-810F-9419A7C7F61D,0x32000,0x40000)
4:233  0:000  - [08]: Volume: PciRoot(0x0)\Pci(0x17,0x0)\Sata(0x0,0x0,0x0)\HD(3,GPT,7FE09286-A68A-47A9-9C39-90F1B00CE226,0x72800,0xEA99F47)
4:233  0:000          Result of bootcode detection: bootable Windows (vista,win)
4:233  0:000  - [09]: Volume: PciRoot(0x0)\Pci(0x17,0x0)\Sata(0x0,0x0,0x0)\HD(4,GPT,1794CB8A-C957-4BE4-B4F1-BF7220C730E4,0xEB0C800,0x36F800)
4:233  0:000          Result of bootcode detection: bootable Windows (vista,win)
4:233  0:000  - [10]: Volume: PciRoot(0x0)\Pci(0x17,0x0)\Sata(0x1,0x0,0x0)\HD(1,GPT,81D9BBF8-57CC-11E9-9BCC-887873EE97AF,0x800,0x3A184800)
4:234  0:000          Result of bootcode detection: bootable unknown (legacy)
4:234  0:000  - [11]: Volume: PciRoot(0x0)\Pci(0x17,0x0)\Sata(0x1,0x0,0x0)\HD(2,GPT,A1363DAA-04E2-4ADB-836C-188F2ACAB377,0x3A185000,0x201000)
4:234  0:000          Result of bootcode detection: bootable Windows (win)
4:234  0:000  - [12]: Volume: PciRoot(0x0)\Pci(0x17,0x0)\Sata(0x1,0x0,0x0)\HD(1,GPT,81D9BBF8-57CC-11E9-9BCC-887873EE97AF,0x800,0x3A184800)\VenMedia(BE74FCF7-0B7C-49F3-9147-01F4042E6842,F60B2341490E54498A1663AFB99C6E9E)
4:234  0:000  - [13]: Volume: PciRoot(0x0)\Pci(0x17,0x0)\Sata(0x1,0x0,0x0)\HD(1,GPT,81D9BBF8-57CC-11E9-9BCC-887873EE97AF,0x800,0x3A184800)\VenMedia(BE74FCF7-0B7C-49F3-9147-01F4042E6842,0C8255226F22F54DA9184E65DA432846)
4:234  0:000  - [14]: Volume: PciRoot(0x0)\Pci(0x17,0x0)\Sata(0x1,0x0,0x0)\HD(1,GPT,81D9BBF8-57CC-11E9-9BCC-887873EE97AF,0x800,0x3A184800)\VenMedia(BE74FCF7-0B7C-49F3-9147-01F4042E6842,0B3154978D66F54E947A2ECF0CBD5DE2)
4:234  0:000  - [15]: Volume: PciRoot(0x0)\Pci(0x17,0x0)\Sata(0x1,0x0,0x0)\HD(1,GPT,81D9BBF8-57CC-11E9-9BCC-887873EE97AF,0x800,0x3A184800)\VenMedia(BE74FCF7-0B7C-49F3-9147-01F4042E6842,A03BC9DE767C554882EE969C905B33E4)
4:234  0:000  found 2 handles with audio
4:234  0:000  No AudioIoDevice stored
4:234  0:000  no stored audio parameters
4:234  0:000  === [ InitTheme ] =========================================
4:234  0:000  use night theme
4:234  0:000  GlobalConfig: imac.hk not found, get embedded theme
4:234  0:000   using embedded theme
4:234  0:000  got embedded sound
4:234  0:000    Channels: 2  Sample rate: 8000 Hz  Bits: 16
4:234  0:000  output to channel 0 with volume 70, len=25600
4:234  0:000   sound channels=2 bits=16 freq=8000
4:234  0:000  sound converted to 48kHz
4:234  0:000  not found AudioIo to play
4:234  0:000  sound play end with status=721C5494
4:235  0:000  Using embedded font: Success
4:235  0:000  theme inited
4:235  0:000  Chosen embedded theme
4:235  0:000  after NVRAM boot-args=darkwake=0 -abm_firstpolldelay=20000
4:235  0:000  === [ Dump SMC keys from NVRAM ] ==========================
4:235  0:000  found AppleSMC protocol
4:255  0:020  Registered 18 SMC keys
4:256  0:000  === [ ScanLoader ] ========================================
4:256  0:000  - [03]: 'EFI'
4:256  0:000          AddLoaderEntry for Volume Name=EFI
4:256  0:000          skipped because entry is hidden
4:256  0:000  - [04]: 'Install macOS Mojave'
4:256  0:000          AddLoaderEntry for Volume Name=Install macOS Mojave
4:259  0:003  - [06]: 'EFI'
4:259  0:000          AddLoaderEntry for Volume Name=EFI
4:260  0:000          AddLoaderEntry for Volume Name=EFI
4:260  0:000          skipped because entry is hidden
4:260  0:000  - [11]: 'EFI'
4:260  0:000          AddLoaderEntry for Volume Name=EFI
4:260  0:000          skipped because entry is hidden
4:260  0:000  - [12]: 'Preboot'
4:261  0:000          AddLoaderEntry for Volume Name=Preboot
4:262  0:000      Check if volume Is Hibernated:
4:262  0:000      Check sleep image 'by signature':
4:262  0:000      using default sleep image name = \private\var\vm\sleepimage
4:262  0:000      sleepimage not found -> Not Found
4:262  0:000      hibernated: no - sign
4:263  0:001          AddLoaderEntry for Volume Name=Preboot
4:264  0:000  - [13]: 'MacOS'
4:271  0:007          AddLoaderEntry for Volume Name=MacOS
4:272  0:001      Check if volume Is Hibernated:
4:272  0:000      Check sleep image 'by signature':
4:276  0:003      read prefs \Library\Preferences\com.apple.PowerManagement.plist status=Success
4:276  0:000      using default sleep image name = \private\var\vm\sleepimage
4:278  0:002      sleepimage not found -> Not Found
4:278  0:000      hibernated: no - sign
4:279  0:000  - [14]: 'Recovery'
4:279  0:000          AddLoaderEntry for Volume Name=Recovery
4:280  0:001  - [15]: 'VM'
4:280  0:000  === [ AddCustomTool ] =====================================
4:281  0:000  === [ GetEfiBootDeviceFromNvram ] =========================
4:281  0:000  Default boot entry not found
4:281  0:000  DefaultIndex=-1 and MainMenu.EntryCount=10
4:375  0:094  GUI ready
23:648  19:272  ReinitSelfLib after theme change
23:648  0:000  reinit: self device path=PciRoot(0x0)\Pci(0x14,0x0)\USB(0x10,0x0)\HD(1,MBR,0x1FE4F957,0x800,0x8F0D8)
23:648  0:000  === [ ScanVolumes ] =======================================
23:648  0:000  Found 16 volumes with blockIO
23:648  0:000  - [00]: Volume: PciRoot(0x0)\Pci(0x17,0x0)\Sata(0x0,0x0,0x0)
23:649  0:001  - [01]: Volume: PciRoot(0x0)\Pci(0x17,0x0)\Sata(0x1,0x0,0x0)
23:651  0:001  - [02]: Volume: PciRoot(0x0)\Pci(0x14,0x0)\USB(0x10,0x0)
23:652  0:000          Result of bootcode detection: bootable unknown (legacy)
23:652  0:000          USB volume
23:652  0:000  - [03]: Volume: PciRoot(0x0)\Pci(0x14,0x0)\USB(0x10,0x0)\HD(1,MBR,0x1FE4F957,0x800,0x8F0D8)
23:652  0:000          Result of bootcode detection: bootable unknown (legacy)
23:652  0:000          USB volume
23:652  0:000          This is SelfVolume !!
23:652  0:000  - [04]: Volume: PciRoot(0x0)\Pci(0x14,0x0)\USB(0x10,0x0)\HD(2,MBR,0x1FE4F957,0x90000,0xC1A000)
23:653  0:000          USB volume
23:653  0:000  - [05]: Volume: PciRoot(0x0)\Pci(0x14,0x0)\USB(0x10,0x0)\HD(3,MBR,0x1FE4F957,0xCAA000,0x2E37000)
23:653  0:000          Result of bootcode detection: bootable unknown (legacy)
23:653  0:000          USB volume
23:653  0:000  - [06]: Volume: PciRoot(0x0)\Pci(0x17,0x0)\Sata(0x0,0x0,0x0)\HD(1,GPT,F29332C9-DA77-4385-B562-73AB7EF3DD04,0x800,0x31800)
23:653  0:000          Result of bootcode detection: bootable Windows (vista,win)
23:653  0:000  - [07]: Volume: PciRoot(0x0)\Pci(0x17,0x0)\Sata(0x0,0x0,0x0)\HD(2,GPT,B1BB4C94-B61F-4174-810F-9419A7C7F61D,0x32000,0x40000)
23:654  0:000  - [08]: Volume: PciRoot(0x0)\Pci(0x17,0x0)\Sata(0x0,0x0,0x0)\HD(3,GPT,7FE09286-A68A-47A9-9C39-90F1B00CE226,0x72800,0xEA99F47)
23:654  0:000          Result of bootcode detection: bootable Windows (vista,win)
23:654  0:000  - [09]: Volume: PciRoot(0x0)\Pci(0x17,0x0)\Sata(0x0,0x0,0x0)\HD(4,GPT,1794CB8A-C957-4BE4-B4F1-BF7220C730E4,0xEB0C800,0x36F800)
23:654  0:000          Result of bootcode detection: bootable Windows (vista,win)
23:654  0:000  - [10]: Volume: PciRoot(0x0)\Pci(0x17,0x0)\Sata(0x1,0x0,0x0)\HD(1,GPT,81D9BBF8-57CC-11E9-9BCC-887873EE97AF,0x800,0x3A184800)
23:654  0:000          Result of bootcode detection: bootable unknown (legacy)
23:654  0:000  - [11]: Volume: PciRoot(0x0)\Pci(0x17,0x0)\Sata(0x1,0x0,0x0)\HD(2,GPT,A1363DAA-04E2-4ADB-836C-188F2ACAB377,0x3A185000,0x201000)
23:654  0:000          Result of bootcode detection: bootable Windows (win)
23:654  0:000  - [12]: Volume: PciRoot(0x0)\Pci(0x17,0x0)\Sata(0x1,0x0,0x0)\HD(1,GPT,81D9BBF8-57CC-11E9-9BCC-887873EE97AF,0x800,0x3A184800)\VenMedia(BE74FCF7-0B7C-49F3-9147-01F4042E6842,F60B2341490E54498A1663AFB99C6E9E)
23:654  0:000  - [13]: Volume: PciRoot(0x0)\Pci(0x17,0x0)\Sata(0x1,0x0,0x0)\HD(1,GPT,81D9BBF8-57CC-11E9-9BCC-887873EE97AF,0x800,0x3A184800)\VenMedia(BE74FCF7-0B7C-49F3-9147-01F4042E6842,0C8255226F22F54DA9184E65DA432846)
23:654  0:000  - [14]: Volume: PciRoot(0x0)\Pci(0x17,0x0)\Sata(0x1,0x0,0x0)\HD(1,GPT,81D9BBF8-57CC-11E9-9BCC-887873EE97AF,0x800,0x3A184800)\VenMedia(BE74FCF7-0B7C-49F3-9147-01F4042E6842,0B3154978D66F54E947A2ECF0CBD5DE2)
23:655  0:000  - [15]: Volume: PciRoot(0x0)\Pci(0x17,0x0)\Sata(0x1,0x0,0x0)\HD(1,GPT,81D9BBF8-57CC-11E9-9BCC-887873EE97AF,0x800,0x3A184800)\VenMedia(BE74FCF7-0B7C-49F3-9147-01F4042E6842,A03BC9DE767C554882EE969C905B33E4)
23:655  0:000  found 2 handles with audio
23:655  0:000  No AudioIoDevice stored
23:655  0:000  no stored audio parameters
23:655  0:000  theme inited
23:655  0:000  Chosen embedded theme
23:655  0:000  after NVRAM boot-args=darkwake=0 -abm_firstpolldelay=20000
23:655  0:000  === [ ScanLoader ] ========================================
23:655  0:000  - [03]: 'EFI'
23:655  0:000          AddLoaderEntry for Volume Name=EFI
23:655  0:000       skipped because path `PciRoot(0x0)\Pci(0x14,0x0)\USB(0x10,0x0)\HD(1,MBR,0x1FE4F957,0x800,0x8F0D8)\EFI\BOOT\BOOTX64.efii` is self path!
23:655  0:000  - [04]: 'Install macOS Mojave'
23:655  0:000          AddLoaderEntry for Volume Name=Install macOS Mojave
23:656  0:001  - [06]: 'EFI'
23:656  0:000          AddLoaderEntry for Volume Name=EFI
23:656  0:000          AddLoaderEntry for Volume Name=EFI
23:657  0:000  - [11]: 'EFI'
23:657  0:000          AddLoaderEntry for Volume Name=EFI
23:657  0:000  - [12]: 'Preboot'
23:657  0:000          AddLoaderEntry for Volume Name=Preboot
23:658  0:000      Check if volume Is Hibernated:
23:658  0:000      Check sleep image 'by signature':
23:658  0:000      using default sleep image name = \private\var\vm\sleepimage
23:658  0:000      sleepimage not found -> Not Found
23:658  0:000      hibernated: no - sign
23:658  0:000          AddLoaderEntry for Volume Name=Preboot
23:659  0:000  - [13]: 'MacOS'
23:660  0:000          AddLoaderEntry for Volume Name=MacOS
23:660  0:000      Check if volume Is Hibernated:
23:660  0:000      Check sleep image 'by signature':
23:661  0:000      read prefs \Library\Preferences\com.apple.PowerManagement.plist status=Success
23:661  0:000      using default sleep image name = \private\var\vm\sleepimage
23:661  0:000      sleepimage not found -> Not Found
23:661  0:000      hibernated: no - sign
23:661  0:000  - [14]: 'Recovery'
23:661  0:000          AddLoaderEntry for Volume Name=Recovery
23:662  0:000  - [15]: 'VM'
23:662  0:000  === [ AddCustomTool ] =====================================
23:662  0:000  === [ GetEfiBootDeviceFromNvram ] =========================
23:662  0:000  Default boot entry not found
23:662  0:000  DefaultIndex=-1 and MainMenu.EntryCount=12
24:529  0:866  ReinitSelfLib after theme change
24:529  0:000  reinit: self device path=PciRoot(0x0)\Pci(0x14,0x0)\USB(0x10,0x0)\HD(1,MBR,0x1FE4F957,0x800,0x8F0D8)
24:529  0:000  === [ ScanVolumes ] =======================================
24:529  0:000  Found 16 volumes with blockIO
24:529  0:000  - [00]: Volume: PciRoot(0x0)\Pci(0x17,0x0)\Sata(0x0,0x0,0x0)
24:531  0:001  - [01]: Volume: PciRoot(0x0)\Pci(0x17,0x0)\Sata(0x1,0x0,0x0)
24:532  0:001  - [02]: Volume: PciRoot(0x0)\Pci(0x14,0x0)\USB(0x10,0x0)
24:533  0:000          Result of bootcode detection: bootable unknown (legacy)
24:533  0:000          USB volume
24:533  0:000  - [03]: Volume: PciRoot(0x0)\Pci(0x14,0x0)\USB(0x10,0x0)\HD(1,MBR,0x1FE4F957,0x800,0x8F0D8)
24:533  0:000          Result of bootcode detection: bootable unknown (legacy)
24:533  0:000          USB volume
24:533  0:000          This is SelfVolume !!
24:533  0:000  - [04]: Volume: PciRoot(0x0)\Pci(0x14,0x0)\USB(0x10,0x0)\HD(2,MBR,0x1FE4F957,0x90000,0xC1A000)
24:534  0:000          USB volume
24:534  0:000  - [05]: Volume: PciRoot(0x0)\Pci(0x14,0x0)\USB(0x10,0x0)\HD(3,MBR,0x1FE4F957,0xCAA000,0x2E37000)
24:535  0:000          Result of bootcode detection: bootable unknown (legacy)
24:535  0:000          USB volume
24:535  0:000  - [06]: Volume: PciRoot(0x0)\Pci(0x17,0x0)\Sata(0x0,0x0,0x0)\HD(1,GPT,F29332C9-DA77-4385-B562-73AB7EF3DD04,0x800,0x31800)
24:535  0:000          Result of bootcode detection: bootable Windows (vista,win)
24:535  0:000  - [07]: Volume: PciRoot(0x0)\Pci(0x17,0x0)\Sata(0x0,0x0,0x0)\HD(2,GPT,B1BB4C94-B61F-4174-810F-9419A7C7F61D,0x32000,0x40000)
24:535  0:000  - [08]: Volume: PciRoot(0x0)\Pci(0x17,0x0)\Sata(0x0,0x0,0x0)\HD(3,GPT,7FE09286-A68A-47A9-9C39-90F1B00CE226,0x72800,0xEA99F47)
24:535  0:000          Result of bootcode detection: bootable Windows (vista,win)
24:535  0:000  - [09]: Volume: PciRoot(0x0)\Pci(0x17,0x0)\Sata(0x0,0x0,0x0)\HD(4,GPT,1794CB8A-C957-4BE4-B4F1-BF7220C730E4,0xEB0C800,0x36F800)
24:535  0:000          Result of bootcode detection: bootable Windows (vista,win)
24:535  0:000  - [10]: Volume: PciRoot(0x0)\Pci(0x17,0x0)\Sata(0x1,0x0,0x0)\HD(1,GPT,81D9BBF8-57CC-11E9-9BCC-887873EE97AF,0x800,0x3A184800)
24:535  0:000          Result of bootcode detection: bootable unknown (legacy)
24:535  0:000  - [11]: Volume: PciRoot(0x0)\Pci(0x17,0x0)\Sata(0x1,0x0,0x0)\HD(2,GPT,A1363DAA-04E2-4ADB-836C-188F2ACAB377,0x3A185000,0x201000)
24:536  0:000          Result of bootcode detection: bootable Windows (win)
24:536  0:000  - [12]: Volume: PciRoot(0x0)\Pci(0x17,0x0)\Sata(0x1,0x0,0x0)\HD(1,GPT,81D9BBF8-57CC-11E9-9BCC-887873EE97AF,0x800,0x3A184800)\VenMedia(BE74FCF7-0B7C-49F3-9147-01F4042E6842,F60B2341490E54498A1663AFB99C6E9E)
24:536  0:000  - [13]: Volume: PciRoot(0x0)\Pci(0x17,0x0)\Sata(0x1,0x0,0x0)\HD(1,GPT,81D9BBF8-57CC-11E9-9BCC-887873EE97AF,0x800,0x3A184800)\VenMedia(BE74FCF7-0B7C-49F3-9147-01F4042E6842,0C8255226F22F54DA9184E65DA432846)
24:536  0:000  - [14]: Volume: PciRoot(0x0)\Pci(0x17,0x0)\Sata(0x1,0x0,0x0)\HD(1,GPT,81D9BBF8-57CC-11E9-9BCC-887873EE97AF,0x800,0x3A184800)\VenMedia(BE74FCF7-0B7C-49F3-9147-01F4042E6842,0B3154978D66F54E947A2ECF0CBD5DE2)
24:536  0:000  - [15]: Volume: PciRoot(0x0)\Pci(0x17,0x0)\Sata(0x1,0x0,0x0)\HD(1,GPT,81D9BBF8-57CC-11E9-9BCC-887873EE97AF,0x800,0x3A184800)\VenMedia(BE74FCF7-0B7C-49F3-9147-01F4042E6842,A03BC9DE767C554882EE969C905B33E4)
24:536  0:000  found 2 handles with audio
24:536  0:000  No AudioIoDevice stored
24:536  0:000  no stored audio parameters
24:536  0:000  theme inited
24:536  0:000  Chosen embedded theme
24:536  0:000  after NVRAM boot-args=darkwake=0 -abm_firstpolldelay=20000
24:536  0:000  === [ ScanLoader ] ========================================
24:536  0:000  - [03]: 'EFI'
24:536  0:000          AddLoaderEntry for Volume Name=EFI
24:536  0:000          skipped because entry is hidden
24:536  0:000  - [04]: 'Install macOS Mojave'
24:536  0:000          AddLoaderEntry for Volume Name=Install macOS Mojave
24:537  0:001  - [06]: 'EFI'
24:537  0:000          AddLoaderEntry for Volume Name=EFI
24:538  0:000          AddLoaderEntry for Volume Name=EFI
24:538  0:000          skipped because entry is hidden
24:538  0:000  - [11]: 'EFI'
24:538  0:000          AddLoaderEntry for Volume Name=EFI
24:538  0:000          skipped because entry is hidden
24:538  0:000  - [12]: 'Preboot'
24:538  0:000          AddLoaderEntry for Volume Name=Preboot
24:539  0:000      Check if volume Is Hibernated:
24:539  0:000      Check sleep image 'by signature':
24:539  0:000      using default sleep image name = \private\var\vm\sleepimage
24:539  0:000      sleepimage not found -> Not Found
24:539  0:000      hibernated: no - sign
24:539  0:000          AddLoaderEntry for Volume Name=Preboot
24:540  0:000  - [13]: 'MacOS'
24:541  0:000          AddLoaderEntry for Volume Name=MacOS
24:541  0:000      Check if volume Is Hibernated:
24:541  0:000      Check sleep image 'by signature':
24:541  0:000      read prefs \Library\Preferences\com.apple.PowerManagement.plist status=Success
24:541  0:000      using default sleep image name = \private\var\vm\sleepimage
24:541  0:000      sleepimage not found -> Not Found
24:541  0:000      hibernated: no - sign
24:542  0:000  - [14]: 'Recovery'
24:542  0:000          AddLoaderEntry for Volume Name=Recovery
24:543  0:000  - [15]: 'VM'
24:543  0:000  === [ AddCustomTool ] =====================================
24:543  0:000  === [ GetEfiBootDeviceFromNvram ] =========================
24:543  0:000  Default boot entry not found
24:543  0:000  DefaultIndex=-1 and MainMenu.EntryCount=10
25:110  0:567  ReinitSelfLib after theme change
25:110  0:000  reinit: self device path=PciRoot(0x0)\Pci(0x14,0x0)\USB(0x10,0x0)\HD(1,MBR,0x1FE4F957,0x800,0x8F0D8)
25:110  0:000  === [ ScanVolumes ] =======================================
25:110  0:000  Found 16 volumes with blockIO
25:110  0:000  - [00]: Volume: PciRoot(0x0)\Pci(0x17,0x0)\Sata(0x0,0x0,0x0)
25:112  0:001  - [01]: Volume: PciRoot(0x0)\Pci(0x17,0x0)\Sata(0x1,0x0,0x0)
25:113  0:001  - [02]: Volume: PciRoot(0x0)\Pci(0x14,0x0)\USB(0x10,0x0)
25:114  0:000          Result of bootcode detection: bootable unknown (legacy)
25:114  0:000          USB volume
25:114  0:000  - [03]: Volume: PciRoot(0x0)\Pci(0x14,0x0)\USB(0x10,0x0)\HD(1,MBR,0x1FE4F957,0x800,0x8F0D8)
25:114  0:000          Result of bootcode detection: bootable unknown (legacy)
25:114  0:000          USB volume
25:114  0:000          This is SelfVolume !!
25:114  0:000  - [04]: Volume: PciRoot(0x0)\Pci(0x14,0x0)\USB(0x10,0x0)\HD(2,MBR,0x1FE4F957,0x90000,0xC1A000)
25:115  0:000          USB volume
25:115  0:000  - [05]: Volume: PciRoot(0x0)\Pci(0x14,0x0)\USB(0x10,0x0)\HD(3,MBR,0x1FE4F957,0xCAA000,0x2E37000)
25:115  0:000          Result of bootcode detection: bootable unknown (legacy)
25:115  0:000          USB volume
25:115  0:000  - [06]: Volume: PciRoot(0x0)\Pci(0x17,0x0)\Sata(0x0,0x0,0x0)\HD(1,GPT,F29332C9-DA77-4385-B562-73AB7EF3DD04,0x800,0x31800)
25:116  0:000          Result of bootcode detection: bootable Windows (vista,win)
25:116  0:000  - [07]: Volume: PciRoot(0x0)\Pci(0x17,0x0)\Sata(0x0,0x0,0x0)\HD(2,GPT,B1BB4C94-B61F-4174-810F-9419A7C7F61D,0x32000,0x40000)
25:116  0:000  - [08]: Volume: PciRoot(0x0)\Pci(0x17,0x0)\Sata(0x0,0x0,0x0)\HD(3,GPT,7FE09286-A68A-47A9-9C39-90F1B00CE226,0x72800,0xEA99F47)
25:116  0:000          Result of bootcode detection: bootable Windows (vista,win)
25:116  0:000  - [09]: Volume: PciRoot(0x0)\Pci(0x17,0x0)\Sata(0x0,0x0,0x0)\HD(4,GPT,1794CB8A-C957-4BE4-B4F1-BF7220C730E4,0xEB0C800,0x36F800)
25:116  0:000          Result of bootcode detection: bootable Windows (vista,win)
25:116  0:000  - [10]: Volume: PciRoot(0x0)\Pci(0x17,0x0)\Sata(0x1,0x0,0x0)\HD(1,GPT,81D9BBF8-57CC-11E9-9BCC-887873EE97AF,0x800,0x3A184800)
25:116  0:000          Result of bootcode detection: bootable unknown (legacy)
25:116  0:000  - [11]: Volume: PciRoot(0x0)\Pci(0x17,0x0)\Sata(0x1,0x0,0x0)\HD(2,GPT,A1363DAA-04E2-4ADB-836C-188F2ACAB377,0x3A185000,0x201000)
25:116  0:000          Result of bootcode detection: bootable Windows (win)
25:116  0:000  - [12]: Volume: PciRoot(0x0)\Pci(0x17,0x0)\Sata(0x1,0x0,0x0)\HD(1,GPT,81D9BBF8-57CC-11E9-9BCC-887873EE97AF,0x800,0x3A184800)\VenMedia(BE74FCF7-0B7C-49F3-9147-01F4042E6842,F60B2341490E54498A1663AFB99C6E9E)
25:116  0:000  - [13]: Volume: PciRoot(0x0)\Pci(0x17,0x0)\Sata(0x1,0x0,0x0)\HD(1,GPT,81D9BBF8-57CC-11E9-9BCC-887873EE97AF,0x800,0x3A184800)\VenMedia(BE74FCF7-0B7C-49F3-9147-01F4042E6842,0C8255226F22F54DA9184E65DA432846)
25:117  0:000  - [14]: Volume: PciRoot(0x0)\Pci(0x17,0x0)\Sata(0x1,0x0,0x0)\HD(1,GPT,81D9BBF8-57CC-11E9-9BCC-887873EE97AF,0x800,0x3A184800)\VenMedia(BE74FCF7-0B7C-49F3-9147-01F4042E6842,0B3154978D66F54E947A2ECF0CBD5DE2)
25:117  0:000  - [15]: Volume: PciRoot(0x0)\Pci(0x17,0x0)\Sata(0x1,0x0,0x0)\HD(1,GPT,81D9BBF8-57CC-11E9-9BCC-887873EE97AF,0x800,0x3A184800)\VenMedia(BE74FCF7-0B7C-49F3-9147-01F4042E6842,A03BC9DE767C554882EE969C905B33E4)
25:117  0:000  found 2 handles with audio
25:117  0:000  No AudioIoDevice stored
25:117  0:000  no stored audio parameters
25:117  0:000  theme inited
25:117  0:000  Chosen embedded theme
25:117  0:000  after NVRAM boot-args=darkwake=0 -abm_firstpolldelay=20000
25:117  0:000  === [ ScanLoader ] ========================================
25:117  0:000  - [03]: 'EFI'
25:117  0:000          AddLoaderEntry for Volume Name=EFI
25:117  0:000       skipped because path `PciRoot(0x0)\Pci(0x14,0x0)\USB(0x10,0x0)\HD(1,MBR,0x1FE4F957,0x800,0x8F0D8)\EFI\BOOT\BOOTX64.efii` is self path!
25:117  0:000  - [04]: 'Install macOS Mojave'
25:117  0:000          AddLoaderEntry for Volume Name=Install macOS Mojave
25:118  0:001  - [06]: 'EFI'
25:118  0:000          AddLoaderEntry for Volume Name=EFI
25:118  0:000          AddLoaderEntry for Volume Name=EFI
25:118  0:000  - [11]: 'EFI'
25:118  0:000          AddLoaderEntry for Volume Name=EFI
25:118  0:000  - [12]: 'Preboot'
25:119  0:000          AddLoaderEntry for Volume Name=Preboot
25:119  0:000      Check if volume Is Hibernated:
25:119  0:000      Check sleep image 'by signature':
25:119  0:000      using default sleep image name = \private\var\vm\sleepimage
25:119  0:000      sleepimage not found -> Not Found
25:119  0:000      hibernated: no - sign
25:120  0:000          AddLoaderEntry for Volume Name=Preboot
25:121  0:000  - [13]: 'MacOS'
25:121  0:000          AddLoaderEntry for Volume Name=MacOS
25:122  0:000      Check if volume Is Hibernated:
25:122  0:000      Check sleep image 'by signature':
25:122  0:000      read prefs \Library\Preferences\com.apple.PowerManagement.plist status=Success
25:122  0:000      using default sleep image name = \private\var\vm\sleepimage
25:122  0:000      sleepimage not found -> Not Found
25:122  0:000      hibernated: no - sign
25:123  0:000  - [14]: 'Recovery'
25:123  0:000          AddLoaderEntry for Volume Name=Recovery
25:124  0:000  - [15]: 'VM'
25:124  0:000  === [ AddCustomTool ] =====================================
25:124  0:000  === [ GetEfiBootDeviceFromNvram ] =========================
25:124  0:000  Default boot entry not found
25:124  0:000  DefaultIndex=-1 and MainMenu.EntryCount=12
25:831  0:707  ReinitSelfLib after theme change
25:831  0:000  reinit: self device path=PciRoot(0x0)\Pci(0x14,0x0)\USB(0x10,0x0)\HD(1,MBR,0x1FE4F957,0x800,0x8F0D8)
25:831  0:000  === [ ScanVolumes ] =======================================
25:831  0:000  Found 16 volumes with blockIO
25:831  0:000  - [00]: Volume: PciRoot(0x0)\Pci(0x17,0x0)\Sata(0x0,0x0,0x0)
25:833  0:001  - [01]: Volume: PciRoot(0x0)\Pci(0x17,0x0)\Sata(0x1,0x0,0x0)
25:834  0:001  - [02]: Volume: PciRoot(0x0)\Pci(0x14,0x0)\USB(0x10,0x0)
25:835  0:000          Result of bootcode detection: bootable unknown (legacy)
25:835  0:000          USB volume
25:835  0:000  - [03]: Volume: PciRoot(0x0)\Pci(0x14,0x0)\USB(0x10,0x0)\HD(1,MBR,0x1FE4F957,0x800,0x8F0D8)
25:835  0:000          Result of bootcode detection: bootable unknown (legacy)
25:835  0:000          USB volume
25:835  0:000          This is SelfVolume !!
25:835  0:000  - [04]: Volume: PciRoot(0x0)\Pci(0x14,0x0)\USB(0x10,0x0)\HD(2,MBR,0x1FE4F957,0x90000,0xC1A000)
25:836  0:000          USB volume
25:836  0:000  - [05]: Volume: PciRoot(0x0)\Pci(0x14,0x0)\USB(0x10,0x0)\HD(3,MBR,0x1FE4F957,0xCAA000,0x2E37000)
25:836  0:000          Result of bootcode detection: bootable unknown (legacy)
25:836  0:000          USB volume
25:836  0:000  - [06]: Volume: PciRoot(0x0)\Pci(0x17,0x0)\Sata(0x0,0x0,0x0)\HD(1,GPT,F29332C9-DA77-4385-B562-73AB7EF3DD04,0x800,0x31800)
25:837  0:000          Result of bootcode detection: bootable Windows (vista,win)
25:837  0:000  - [07]: Volume: PciRoot(0x0)\Pci(0x17,0x0)\Sata(0x0,0x0,0x0)\HD(2,GPT,B1BB4C94-B61F-4174-810F-9419A7C7F61D,0x32000,0x40000)
25:837  0:000  - [08]: Volume: PciRoot(0x0)\Pci(0x17,0x0)\Sata(0x0,0x0,0x0)\HD(3,GPT,7FE09286-A68A-47A9-9C39-90F1B00CE226,0x72800,0xEA99F47)
25:837  0:000          Result of bootcode detection: bootable Windows (vista,win)
25:837  0:000  - [09]: Volume: PciRoot(0x0)\Pci(0x17,0x0)\Sata(0x0,0x0,0x0)\HD(4,GPT,1794CB8A-C957-4BE4-B4F1-BF7220C730E4,0xEB0C800,0x36F800)
25:837  0:000          Result of bootcode detection: bootable Windows (vista,win)
25:837  0:000  - [10]: Volume: PciRoot(0x0)\Pci(0x17,0x0)\Sata(0x1,0x0,0x0)\HD(1,GPT,81D9BBF8-57CC-11E9-9BCC-887873EE97AF,0x800,0x3A184800)
25:837  0:000          Result of bootcode detection: bootable unknown (legacy)
25:837  0:000  - [11]: Volume: PciRoot(0x0)\Pci(0x17,0x0)\Sata(0x1,0x0,0x0)\HD(2,GPT,A1363DAA-04E2-4ADB-836C-188F2ACAB377,0x3A185000,0x201000)
25:838  0:000          Result of bootcode detection: bootable Windows (win)
25:838  0:000  - [12]: Volume: PciRoot(0x0)\Pci(0x17,0x0)\Sata(0x1,0x0,0x0)\HD(1,GPT,81D9BBF8-57CC-11E9-9BCC-887873EE97AF,0x800,0x3A184800)\VenMedia(BE74FCF7-0B7C-49F3-9147-01F4042E6842,F60B2341490E54498A1663AFB99C6E9E)
25:838  0:000  - [13]: Volume: PciRoot(0x0)\Pci(0x17,0x0)\Sata(0x1,0x0,0x0)\HD(1,GPT,81D9BBF8-57CC-11E9-9BCC-887873EE97AF,0x800,0x3A184800)\VenMedia(BE74FCF7-0B7C-49F3-9147-01F4042E6842,0C8255226F22F54DA9184E65DA432846)
25:838  0:000  - [14]: Volume: PciRoot(0x0)\Pci(0x17,0x0)\Sata(0x1,0x0,0x0)\HD(1,GPT,81D9BBF8-57CC-11E9-9BCC-887873EE97AF,0x800,0x3A184800)\VenMedia(BE74FCF7-0B7C-49F3-9147-01F4042E6842,0B3154978D66F54E947A2ECF0CBD5DE2)
25:838  0:000  - [15]: Volume: PciRoot(0x0)\Pci(0x17,0x0)\Sata(0x1,0x0,0x0)\HD(1,GPT,81D9BBF8-57CC-11E9-9BCC-887873EE97AF,0x800,0x3A184800)\VenMedia(BE74FCF7-0B7C-49F3-9147-01F4042E6842,A03BC9DE767C554882EE969C905B33E4)
25:838  0:000  found 2 handles with audio
25:838  0:000  No AudioIoDevice stored
25:838  0:000  no stored audio parameters
25:838  0:000  theme inited
25:838  0:000  Chosen embedded theme
25:838  0:000  after NVRAM boot-args=darkwake=0 -abm_firstpolldelay=20000
25:838  0:000  === [ ScanLoader ] ========================================
25:838  0:000  - [03]: 'EFI'
25:838  0:000          AddLoaderEntry for Volume Name=EFI
25:838  0:000          skipped because entry is hidden
25:838  0:000  - [04]: 'Install macOS Mojave'
25:838  0:000          AddLoaderEntry for Volume Name=Install macOS Mojave
25:839  0:001  - [06]: 'EFI'
25:839  0:000          AddLoaderEntry for Volume Name=EFI
25:839  0:000          AddLoaderEntry for Volume Name=EFI
25:839  0:000          skipped because entry is hidden
25:839  0:000  - [11]: 'EFI'
25:839  0:000          AddLoaderEntry for Volume Name=EFI
25:839  0:000          skipped because entry is hidden
25:840  0:000  - [12]: 'Preboot'
25:840  0:000          AddLoaderEntry for Volume Name=Preboot
25:840  0:000      Check if volume Is Hibernated:
25:840  0:000      Check sleep image 'by signature':
25:841  0:000      using default sleep image name = \private\var\vm\sleepimage
25:841  0:000      sleepimage not found -> Not Found
25:841  0:000      hibernated: no - sign
25:841  0:000          AddLoaderEntry for Volume Name=Preboot
25:842  0:000  - [13]: 'MacOS'
25:843  0:000          AddLoaderEntry for Volume Name=MacOS
25:843  0:000      Check if volume Is Hibernated:
25:843  0:000      Check sleep image 'by signature':
25:843  0:000      read prefs \Library\Preferences\com.apple.PowerManagement.plist status=Success
25:843  0:000      using default sleep image name = \private\var\vm\sleepimage
25:843  0:000      sleepimage not found -> Not Found
25:843  0:000      hibernated: no - sign
25:844  0:000  - [14]: 'Recovery'
25:844  0:000          AddLoaderEntry for Volume Name=Recovery
25:845  0:000  - [15]: 'VM'
25:845  0:000  === [ AddCustomTool ] =====================================
25:845  0:000  === [ GetEfiBootDeviceFromNvram ] =========================
25:845  0:000  Default boot entry not found
25:845  0:000  DefaultIndex=-1 and MainMenu.EntryCount=10
26:192  0:347  ReinitSelfLib after theme change
26:192  0:000  reinit: self device path=PciRoot(0x0)\Pci(0x14,0x0)\USB(0x10,0x0)\HD(1,MBR,0x1FE4F957,0x800,0x8F0D8)
26:192  0:000  === [ ScanVolumes ] =======================================
26:192  0:000  Found 16 volumes with blockIO
26:192  0:000  - [00]: Volume: PciRoot(0x0)\Pci(0x17,0x0)\Sata(0x0,0x0,0x0)
26:194  0:001  - [01]: Volume: PciRoot(0x0)\Pci(0x17,0x0)\Sata(0x1,0x0,0x0)
26:196  0:001  - [02]: Volume: PciRoot(0x0)\Pci(0x14,0x0)\USB(0x10,0x0)
26:196  0:000          Result of bootcode detection: bootable unknown (legacy)
26:196  0:000          USB volume
26:196  0:000  - [03]: Volume: PciRoot(0x0)\Pci(0x14,0x0)\USB(0x10,0x0)\HD(1,MBR,0x1FE4F957,0x800,0x8F0D8)
26:197  0:000          Result of bootcode detection: bootable unknown (legacy)
26:197  0:000          USB volume
26:197  0:000          This is SelfVolume !!
26:197  0:000  - [04]: Volume: PciRoot(0x0)\Pci(0x14,0x0)\USB(0x10,0x0)\HD(2,MBR,0x1FE4F957,0x90000,0xC1A000)
26:197  0:000          USB volume
26:197  0:000  - [05]: Volume: PciRoot(0x0)\Pci(0x14,0x0)\USB(0x10,0x0)\HD(3,MBR,0x1FE4F957,0xCAA000,0x2E37000)
26:198  0:000          Result of bootcode detection: bootable unknown (legacy)
26:198  0:000          USB volume
26:198  0:000  - [06]: Volume: PciRoot(0x0)\Pci(0x17,0x0)\Sata(0x0,0x0,0x0)\HD(1,GPT,F29332C9-DA77-4385-B562-73AB7EF3DD04,0x800,0x31800)
26:198  0:000          Result of bootcode detection: bootable Windows (vista,win)
26:198  0:000  - [07]: Volume: PciRoot(0x0)\Pci(0x17,0x0)\Sata(0x0,0x0,0x0)\HD(2,GPT,B1BB4C94-B61F-4174-810F-9419A7C7F61D,0x32000,0x40000)
26:198  0:000  - [08]: Volume: PciRoot(0x0)\Pci(0x17,0x0)\Sata(0x0,0x0,0x0)\HD(3,GPT,7FE09286-A68A-47A9-9C39-90F1B00CE226,0x72800,0xEA99F47)
26:198  0:000          Result of bootcode detection: bootable Windows (vista,win)
26:198  0:000  - [09]: Volume: PciRoot(0x0)\Pci(0x17,0x0)\Sata(0x0,0x0,0x0)\HD(4,GPT,1794CB8A-C957-4BE4-B4F1-BF7220C730E4,0xEB0C800,0x36F800)
26:199  0:000          Result of bootcode detection: bootable Windows (vista,win)
26:199  0:000  - [10]: Volume: PciRoot(0x0)\Pci(0x17,0x0)\Sata(0x1,0x0,0x0)\HD(1,GPT,81D9BBF8-57CC-11E9-9BCC-887873EE97AF,0x800,0x3A184800)
26:199  0:000          Result of bootcode detection: bootable unknown (legacy)
26:199  0:000  - [11]: Volume: PciRoot(0x0)\Pci(0x17,0x0)\Sata(0x1,0x0,0x0)\HD(2,GPT,A1363DAA-04E2-4ADB-836C-188F2ACAB377,0x3A185000,0x201000)
26:199  0:000          Result of bootcode detection: bootable Windows (win)
26:199  0:000  - [12]: Volume: PciRoot(0x0)\Pci(0x17,0x0)\Sata(0x1,0x0,0x0)\HD(1,GPT,81D9BBF8-57CC-11E9-9BCC-887873EE97AF,0x800,0x3A184800)\VenMedia(BE74FCF7-0B7C-49F3-9147-01F4042E6842,F60B2341490E54498A1663AFB99C6E9E)
26:199  0:000  - [13]: Volume: PciRoot(0x0)\Pci(0x17,0x0)\Sata(0x1,0x0,0x0)\HD(1,GPT,81D9BBF8-57CC-11E9-9BCC-887873EE97AF,0x800,0x3A184800)\VenMedia(BE74FCF7-0B7C-49F3-9147-01F4042E6842,0C8255226F22F54DA9184E65DA432846)
26:199  0:000  - [14]: Volume: PciRoot(0x0)\Pci(0x17,0x0)\Sata(0x1,0x0,0x0)\HD(1,GPT,81D9BBF8-57CC-11E9-9BCC-887873EE97AF,0x800,0x3A184800)\VenMedia(BE74FCF7-0B7C-49F3-9147-01F4042E6842,0B3154978D66F54E947A2ECF0CBD5DE2)
26:199  0:000  - [15]: Volume: PciRoot(0x0)\Pci(0x17,0x0)\Sata(0x1,0x0,0x0)\HD(1,GPT,81D9BBF8-57CC-11E9-9BCC-887873EE97AF,0x800,0x3A184800)\VenMedia(BE74FCF7-0B7C-49F3-9147-01F4042E6842,A03BC9DE767C554882EE969C905B33E4)
26:199  0:000  found 2 handles with audio
26:199  0:000  No AudioIoDevice stored
26:199  0:000  no stored audio parameters
26:199  0:000  theme inited
26:199  0:000  Chosen embedded theme
26:199  0:000  after NVRAM boot-args=darkwake=0 -abm_firstpolldelay=20000
26:199  0:000  === [ ScanLoader ] ========================================
26:199  0:000  - [03]: 'EFI'
26:199  0:000          AddLoaderEntry for Volume Name=EFI
26:199  0:000       skipped because path `PciRoot(0x0)\Pci(0x14,0x0)\USB(0x10,0x0)\HD(1,MBR,0x1FE4F957,0x800,0x8F0D8)\EFI\BOOT\BOOTX64.efii` is self path!
26:199  0:000  - [04]: 'Install macOS Mojave'
26:200  0:000          AddLoaderEntry for Volume Name=Install macOS Mojave
26:201  0:001  - [06]: 'EFI'
26:201  0:000          AddLoaderEntry for Volume Name=EFI
26:201  0:000          AddLoaderEntry for Volume Name=EFI
26:201  0:000  - [11]: 'EFI'
26:201  0:000          AddLoaderEntry for Volume Name=EFI
26:201  0:000  - [12]: 'Preboot'
26:202  0:000          AddLoaderEntry for Volume Name=Preboot
26:202  0:000      Check if volume Is Hibernated:
26:202  0:000      Check sleep image 'by signature':
26:202  0:000      using default sleep image name = \private\var\vm\sleepimage
26:202  0:000      sleepimage not found -> Not Found
26:202  0:000      hibernated: no - sign
26:202  0:000          AddLoaderEntry for Volume Name=Preboot
26:203  0:000  - [13]: 'MacOS'
26:204  0:000          AddLoaderEntry for Volume Name=MacOS
26:204  0:000      Check if volume Is Hibernated:
26:204  0:000      Check sleep image 'by signature':
26:205  0:000      read prefs \Library\Preferences\com.apple.PowerManagement.plist status=Success
26:205  0:000      using default sleep image name = \private\var\vm\sleepimage
26:205  0:000      sleepimage not found -> Not Found
26:205  0:000      hibernated: no - sign
26:205  0:000  - [14]: 'Recovery'
26:205  0:000          AddLoaderEntry for Volume Name=Recovery
26:206  0:000  - [15]: 'VM'
26:206  0:000  === [ AddCustomTool ] =====================================
26:206  0:000  === [ GetEfiBootDeviceFromNvram ] =========================
26:206  0:000  Default boot entry not found
26:206  0:000  DefaultIndex=-1 and MainMenu.EntryCount=12
26:812  0:606  ReinitSelfLib after theme change
26:812  0:000  reinit: self device path=PciRoot(0x0)\Pci(0x14,0x0)\USB(0x10,0x0)\HD(1,MBR,0x1FE4F957,0x800,0x8F0D8)
26:812  0:000  === [ ScanVolumes ] =======================================
26:812  0:000  Found 16 volumes with blockIO
26:812  0:000  - [00]: Volume: PciRoot(0x0)\Pci(0x17,0x0)\Sata(0x0,0x0,0x0)
26:814  0:001  - [01]: Volume: PciRoot(0x0)\Pci(0x17,0x0)\Sata(0x1,0x0,0x0)
26:816  0:001  - [02]: Volume: PciRoot(0x0)\Pci(0x14,0x0)\USB(0x10,0x0)
26:816  0:000          Result of bootcode detection: bootable unknown (legacy)
26:816  0:000          USB volume
26:816  0:000  - [03]: Volume: PciRoot(0x0)\Pci(0x14,0x0)\USB(0x10,0x0)\HD(1,MBR,0x1FE4F957,0x800,0x8F0D8)
26:817  0:000          Result of bootcode detection: bootable unknown (legacy)
26:817  0:000          USB volume
26:817  0:000          This is SelfVolume !!
26:817  0:000  - [04]: Volume: PciRoot(0x0)\Pci(0x14,0x0)\USB(0x10,0x0)\HD(2,MBR,0x1FE4F957,0x90000,0xC1A000)
26:817  0:000          USB volume
26:817  0:000  - [05]: Volume: PciRoot(0x0)\Pci(0x14,0x0)\USB(0x10,0x0)\HD(3,MBR,0x1FE4F957,0xCAA000,0x2E37000)
26:818  0:000          Result of bootcode detection: bootable unknown (legacy)
26:818  0:000          USB volume
26:818  0:000  - [06]: Volume: PciRoot(0x0)\Pci(0x17,0x0)\Sata(0x0,0x0,0x0)\HD(1,GPT,F29332C9-DA77-4385-B562-73AB7EF3DD04,0x800,0x31800)
26:818  0:000          Result of bootcode detection: bootable Windows (vista,win)
26:818  0:000  - [07]: Volume: PciRoot(0x0)\Pci(0x17,0x0)\Sata(0x0,0x0,0x0)\HD(2,GPT,B1BB4C94-B61F-4174-810F-9419A7C7F61D,0x32000,0x40000)
26:818  0:000  - [08]: Volume: PciRoot(0x0)\Pci(0x17,0x0)\Sata(0x0,0x0,0x0)\HD(3,GPT,7FE09286-A68A-47A9-9C39-90F1B00CE226,0x72800,0xEA99F47)
26:818  0:000          Result of bootcode detection: bootable Windows (vista,win)
26:818  0:000  - [09]: Volume: PciRoot(0x0)\Pci(0x17,0x0)\Sata(0x0,0x0,0x0)\HD(4,GPT,1794CB8A-C957-4BE4-B4F1-BF7220C730E4,0xEB0C800,0x36F800)
26:819  0:000          Result of bootcode detection: bootable Windows (vista,win)
26:819  0:000  - [10]: Volume: PciRoot(0x0)\Pci(0x17,0x0)\Sata(0x1,0x0,0x0)\HD(1,GPT,81D9BBF8-57CC-11E9-9BCC-887873EE97AF,0x800,0x3A184800)
26:819  0:000          Result of bootcode detection: bootable unknown (legacy)
26:819  0:000  - [11]: Volume: PciRoot(0x0)\Pci(0x17,0x0)\Sata(0x1,0x0,0x0)\HD(2,GPT,A1363DAA-04E2-4ADB-836C-188F2ACAB377,0x3A185000,0x201000)
26:819  0:000          Result of bootcode detection: bootable Windows (win)
26:819  0:000  - [12]: Volume: PciRoot(0x0)\Pci(0x17,0x0)\Sata(0x1,0x0,0x0)\HD(1,GPT,81D9BBF8-57CC-11E9-9BCC-887873EE97AF,0x800,0x3A184800)\VenMedia(BE74FCF7-0B7C-49F3-9147-01F4042E6842,F60B2341490E54498A1663AFB99C6E9E)
26:819  0:000  - [13]: Volume: PciRoot(0x0)\Pci(0x17,0x0)\Sata(0x1,0x0,0x0)\HD(1,GPT,81D9BBF8-57CC-11E9-9BCC-887873EE97AF,0x800,0x3A184800)\VenMedia(BE74FCF7-0B7C-49F3-9147-01F4042E6842,0C8255226F22F54DA9184E65DA432846)
26:819  0:000  - [14]: Volume: PciRoot(0x0)\Pci(0x17,0x0)\Sata(0x1,0x0,0x0)\HD(1,GPT,81D9BBF8-57CC-11E9-9BCC-887873EE97AF,0x800,0x3A184800)\VenMedia(BE74FCF7-0B7C-49F3-9147-01F4042E6842,0B3154978D66F54E947A2ECF0CBD5DE2)
26:819  0:000  - [15]: Volume: PciRoot(0x0)\Pci(0x17,0x0)\Sata(0x1,0x0,0x0)\HD(1,GPT,81D9BBF8-57CC-11E9-9BCC-887873EE97AF,0x800,0x3A184800)\VenMedia(BE74FCF7-0B7C-49F3-9147-01F4042E6842,A03BC9DE767C554882EE969C905B33E4)
26:819  0:000  found 2 handles with audio
26:819  0:000  No AudioIoDevice stored
26:819  0:000  no stored audio parameters
26:819  0:000  theme inited
26:819  0:000  Chosen embedded theme
26:819  0:000  after NVRAM boot-args=darkwake=0 -abm_firstpolldelay=20000
26:819  0:000  === [ ScanLoader ] ========================================
26:819  0:000  - [03]: 'EFI'
26:819  0:000          AddLoaderEntry for Volume Name=EFI
26:819  0:000          skipped because entry is hidden
26:819  0:000  - [04]: 'Install macOS Mojave'
26:820  0:000          AddLoaderEntry for Volume Name=Install macOS Mojave
26:821  0:001  - [06]: 'EFI'
26:821  0:000          AddLoaderEntry for Volume Name=EFI
26:821  0:000          AddLoaderEntry for Volume Name=EFI
26:821  0:000          skipped because entry is hidden
26:821  0:000  - [11]: 'EFI'
26:821  0:000          AddLoaderEntry for Volume Name=EFI
26:821  0:000          skipped because entry is hidden
26:821  0:000  - [12]: 'Preboot'
26:821  0:000          AddLoaderEntry for Volume Name=Preboot
26:822  0:000      Check if volume Is Hibernated:
26:822  0:000      Check sleep image 'by signature':
26:822  0:000      using default sleep image name = \private\var\vm\sleepimage
26:822  0:000      sleepimage not found -> Not Found
26:822  0:000      hibernated: no - sign
26:822  0:000          AddLoaderEntry for Volume Name=Preboot
26:823  0:000  - [13]: 'MacOS'
26:824  0:000          AddLoaderEntry for Volume Name=MacOS
26:824  0:000      Check if volume Is Hibernated:
26:824  0:000      Check sleep image 'by signature':
26:825  0:000      read prefs \Library\Preferences\com.apple.PowerManagement.plist status=Success
26:825  0:000      using default sleep image name = \private\var\vm\sleepimage
26:825  0:000      sleepimage not found -> Not Found
26:825  0:000      hibernated: no - sign
26:825  0:000  - [14]: 'Recovery'
26:825  0:000          AddLoaderEntry for Volume Name=Recovery
26:826  0:000  - [15]: 'VM'
26:826  0:000  === [ AddCustomTool ] =====================================
26:826  0:000  === [ GetEfiBootDeviceFromNvram ] =========================
26:826  0:000  Default boot entry not found
26:826  0:000  DefaultIndex=-1 and MainMenu.EntryCount=10
28:536  1:709  ReinitSelfLib after theme change
28:536  0:000  reinit: self device path=PciRoot(0x0)\Pci(0x14,0x0)\USB(0x10,0x0)\HD(1,MBR,0x1FE4F957,0x800,0x8F0D8)
28:536  0:000  === [ ScanVolumes ] =======================================
28:536  0:000  Found 16 volumes with blockIO
28:536  0:000  - [00]: Volume: PciRoot(0x0)\Pci(0x17,0x0)\Sata(0x0,0x0,0x0)
28:537  0:001  - [01]: Volume: PciRoot(0x0)\Pci(0x17,0x0)\Sata(0x1,0x0,0x0)
28:539  0:001  - [02]: Volume: PciRoot(0x0)\Pci(0x14,0x0)\USB(0x10,0x0)
28:562  0:023          Result of bootcode detection: bootable unknown (legacy)
28:562  0:000          USB volume
28:562  0:000  - [03]: Volume: PciRoot(0x0)\Pci(0x14,0x0)\USB(0x10,0x0)\HD(1,MBR,0x1FE4F957,0x800,0x8F0D8)
28:563  0:000          Result of bootcode detection: bootable unknown (legacy)
28:563  0:000          USB volume
28:563  0:000          This is SelfVolume !!
28:563  0:000  - [04]: Volume: PciRoot(0x0)\Pci(0x14,0x0)\USB(0x10,0x0)\HD(2,MBR,0x1FE4F957,0x90000,0xC1A000)
28:563  0:000          USB volume
28:563  0:000  - [05]: Volume: PciRoot(0x0)\Pci(0x14,0x0)\USB(0x10,0x0)\HD(3,MBR,0x1FE4F957,0xCAA000,0x2E37000)
28:564  0:000          Result of bootcode detection: bootable unknown (legacy)
28:564  0:000          USB volume
28:564  0:000  - [06]: Volume: PciRoot(0x0)\Pci(0x17,0x0)\Sata(0x0,0x0,0x0)\HD(1,GPT,F29332C9-DA77-4385-B562-73AB7EF3DD04,0x800,0x31800)
28:564  0:000          Result of bootcode detection: bootable Windows (vista,win)
28:564  0:000  - [07]: Volume: PciRoot(0x0)\Pci(0x17,0x0)\Sata(0x0,0x0,0x0)\HD(2,GPT,B1BB4C94-B61F-4174-810F-9419A7C7F61D,0x32000,0x40000)
28:564  0:000  - [08]: Volume: PciRoot(0x0)\Pci(0x17,0x0)\Sata(0x0,0x0,0x0)\HD(3,GPT,7FE09286-A68A-47A9-9C39-90F1B00CE226,0x72800,0xEA99F47)
28:564  0:000          Result of bootcode detection: bootable Windows (vista,win)
28:564  0:000  - [09]: Volume: PciRoot(0x0)\Pci(0x17,0x0)\Sata(0x0,0x0,0x0)\HD(4,GPT,1794CB8A-C957-4BE4-B4F1-BF7220C730E4,0xEB0C800,0x36F800)
28:565  0:000          Result of bootcode detection: bootable Windows (vista,win)
28:565  0:000  - [10]: Volume: PciRoot(0x0)\Pci(0x17,0x0)\Sata(0x1,0x0,0x0)\HD(1,GPT,81D9BBF8-57CC-11E9-9BCC-887873EE97AF,0x800,0x3A184800)
28:565  0:000          Result of bootcode detection: bootable unknown (legacy)
28:565  0:000  - [11]: Volume: PciRoot(0x0)\Pci(0x17,0x0)\Sata(0x1,0x0,0x0)\HD(2,GPT,A1363DAA-04E2-4ADB-836C-188F2ACAB377,0x3A185000,0x201000)
28:565  0:000          Result of bootcode detection: bootable Windows (win)
28:565  0:000  - [12]: Volume: PciRoot(0x0)\Pci(0x17,0x0)\Sata(0x1,0x0,0x0)\HD(1,GPT,81D9BBF8-57CC-11E9-9BCC-887873EE97AF,0x800,0x3A184800)\VenMedia(BE74FCF7-0B7C-49F3-9147-01F4042E6842,F60B2341490E54498A1663AFB99C6E9E)
28:565  0:000  - [13]: Volume: PciRoot(0x0)\Pci(0x17,0x0)\Sata(0x1,0x0,0x0)\HD(1,GPT,81D9BBF8-57CC-11E9-9BCC-887873EE97AF,0x800,0x3A184800)\VenMedia(BE74FCF7-0B7C-49F3-9147-01F4042E6842,0C8255226F22F54DA9184E65DA432846)
28:565  0:000  - [14]: Volume: PciRoot(0x0)\Pci(0x17,0x0)\Sata(0x1,0x0,0x0)\HD(1,GPT,81D9BBF8-57CC-11E9-9BCC-887873EE97AF,0x800,0x3A184800)\VenMedia(BE74FCF7-0B7C-49F3-9147-01F4042E6842,0B3154978D66F54E947A2ECF0CBD5DE2)
28:565  0:000  - [15]: Volume: PciRoot(0x0)\Pci(0x17,0x0)\Sata(0x1,0x0,0x0)\HD(1,GPT,81D9BBF8-57CC-11E9-9BCC-887873EE97AF,0x800,0x3A184800)\VenMedia(BE74FCF7-0B7C-49F3-9147-01F4042E6842,A03BC9DE767C554882EE969C905B33E4)
28:565  0:000  found 2 handles with audio
28:565  0:000  No AudioIoDevice stored
28:565  0:000  no stored audio parameters
28:565  0:000  theme inited
28:565  0:000  Chosen embedded theme
28:565  0:000  after NVRAM boot-args=darkwake=0 -abm_firstpolldelay=20000
28:565  0:000  === [ ScanLoader ] ========================================
28:565  0:000  - [03]: 'EFI'
28:565  0:000          AddLoaderEntry for Volume Name=EFI
28:565  0:000       skipped because path `PciRoot(0x0)\Pci(0x14,0x0)\USB(0x10,0x0)\HD(1,MBR,0x1FE4F957,0x800,0x8F0D8)\EFI\BOOT\BOOTX64.efii` is self path!
28:565  0:000  - [04]: 'Install macOS Mojave'
28:566  0:000          AddLoaderEntry for Volume Name=Install macOS Mojave
28:567  0:001  - [06]: 'EFI'
28:567  0:000          AddLoaderEntry for Volume Name=EFI
28:567  0:000          AddLoaderEntry for Volume Name=EFI
28:567  0:000  - [11]: 'EFI'
28:567  0:000          AddLoaderEntry for Volume Name=EFI
28:567  0:000  - [12]: 'Preboot'
28:568  0:000          AddLoaderEntry for Volume Name=Preboot
28:568  0:000      Check if volume Is Hibernated:
28:568  0:000      Check sleep image 'by signature':
28:568  0:000      using default sleep image name = \private\var\vm\sleepimage
28:568  0:000      sleepimage not found -> Not Found
28:568  0:000      hibernated: no - sign
28:568  0:000          AddLoaderEntry for Volume Name=Preboot
28:569  0:000  - [13]: 'MacOS'
28:570  0:000          AddLoaderEntry for Volume Name=MacOS
28:570  0:000      Check if volume Is Hibernated:
28:570  0:000      Check sleep image 'by signature':
28:571  0:000      read prefs \Library\Preferences\com.apple.PowerManagement.plist status=Success
28:571  0:000      using default sleep image name = \private\var\vm\sleepimage
28:571  0:000      sleepimage not found -> Not Found
28:571  0:000      hibernated: no - sign
28:571  0:000  - [14]: 'Recovery'
28:571  0:000          AddLoaderEntry for Volume Name=Recovery
28:572  0:000  - [15]: 'VM'
28:572  0:000  === [ AddCustomTool ] =====================================
28:572  0:000  === [ GetEfiBootDeviceFromNvram ] =========================
28:572  0:000  Default boot entry not found
28:572  0:000  DefaultIndex=-1 and MainMenu.EntryCount=12
29:056  0:483  ReinitSelfLib after theme change
29:056  0:000  reinit: self device path=PciRoot(0x0)\Pci(0x14,0x0)\USB(0x10,0x0)\HD(1,MBR,0x1FE4F957,0x800,0x8F0D8)
29:056  0:000  === [ ScanVolumes ] =======================================
29:056  0:000  Found 16 volumes with blockIO
29:056  0:000  - [00]: Volume: PciRoot(0x0)\Pci(0x17,0x0)\Sata(0x0,0x0,0x0)
29:057  0:001  - [01]: Volume: PciRoot(0x0)\Pci(0x17,0x0)\Sata(0x1,0x0,0x0)
29:059  0:001  - [02]: Volume: PciRoot(0x0)\Pci(0x14,0x0)\USB(0x10,0x0)
29:106  0:047          Result of bootcode detection: bootable unknown (legacy)
29:106  0:000          USB volume
29:106  0:000  - [03]: Volume: PciRoot(0x0)\Pci(0x14,0x0)\USB(0x10,0x0)\HD(1,MBR,0x1FE4F957,0x800,0x8F0D8)
29:107  0:000          Result of bootcode detection: bootable unknown (legacy)
29:107  0:000          USB volume
29:107  0:000          This is SelfVolume !!
29:107  0:000  - [04]: Volume: PciRoot(0x0)\Pci(0x14,0x0)\USB(0x10,0x0)\HD(2,MBR,0x1FE4F957,0x90000,0xC1A000)
29:107  0:000          USB volume
29:107  0:000  - [05]: Volume: PciRoot(0x0)\Pci(0x14,0x0)\USB(0x10,0x0)\HD(3,MBR,0x1FE4F957,0xCAA000,0x2E37000)
29:108  0:000          Result of bootcode detection: bootable unknown (legacy)
29:108  0:000          USB volume
29:108  0:000  - [06]: Volume: PciRoot(0x0)\Pci(0x17,0x0)\Sata(0x0,0x0,0x0)\HD(1,GPT,F29332C9-DA77-4385-B562-73AB7EF3DD04,0x800,0x31800)
29:108  0:000          Result of bootcode detection: bootable Windows (vista,win)
29:108  0:000  - [07]: Volume: PciRoot(0x0)\Pci(0x17,0x0)\Sata(0x0,0x0,0x0)\HD(2,GPT,B1BB4C94-B61F-4174-810F-9419A7C7F61D,0x32000,0x40000)
29:108  0:000  - [08]: Volume: PciRoot(0x0)\Pci(0x17,0x0)\Sata(0x0,0x0,0x0)\HD(3,GPT,7FE09286-A68A-47A9-9C39-90F1B00CE226,0x72800,0xEA99F47)
29:108  0:000          Result of bootcode detection: bootable Windows (vista,win)
29:108  0:000  - [09]: Volume: PciRoot(0x0)\Pci(0x17,0x0)\Sata(0x0,0x0,0x0)\HD(4,GPT,1794CB8A-C957-4BE4-B4F1-BF7220C730E4,0xEB0C800,0x36F800)
29:108  0:000          Result of bootcode detection: bootable Windows (vista,win)
29:109  0:000  - [10]: Volume: PciRoot(0x0)\Pci(0x17,0x0)\Sata(0x1,0x0,0x0)\HD(1,GPT,81D9BBF8-57CC-11E9-9BCC-887873EE97AF,0x800,0x3A184800)
29:109  0:000          Result of bootcode detection: bootable unknown (legacy)
29:109  0:000  - [11]: Volume: PciRoot(0x0)\Pci(0x17,0x0)\Sata(0x1,0x0,0x0)\HD(2,GPT,A1363DAA-04E2-4ADB-836C-188F2ACAB377,0x3A185000,0x201000)
29:109  0:000          Result of bootcode detection: bootable Windows (win)
29:109  0:000  - [12]: Volume: PciRoot(0x0)\Pci(0x17,0x0)\Sata(0x1,0x0,0x0)\HD(1,GPT,81D9BBF8-57CC-11E9-9BCC-887873EE97AF,0x800,0x3A184800)\VenMedia(BE74FCF7-0B7C-49F3-9147-01F4042E6842,F60B2341490E54498A1663AFB99C6E9E)
29:109  0:000  - [13]: Volume: PciRoot(0x0)\Pci(0x17,0x0)\Sata(0x1,0x0,0x0)\HD(1,GPT,81D9BBF8-57CC-11E9-9BCC-887873EE97AF,0x800,0x3A184800)\VenMedia(BE74FCF7-0B7C-49F3-9147-01F4042E6842,0C8255226F22F54DA9184E65DA432846)
29:109  0:000  - [14]: Volume: PciRoot(0x0)\Pci(0x17,0x0)\Sata(0x1,0x0,0x0)\HD(1,GPT,81D9BBF8-57CC-11E9-9BCC-887873EE97AF,0x800,0x3A184800)\VenMedia(BE74FCF7-0B7C-49F3-9147-01F4042E6842,0B3154978D66F54E947A2ECF0CBD5DE2)
29:109  0:000  - [15]: Volume: PciRoot(0x0)\Pci(0x17,0x0)\Sata(0x1,0x0,0x0)\HD(1,GPT,81D9BBF8-57CC-11E9-9BCC-887873EE97AF,0x800,0x3A184800)\VenMedia(BE74FCF7-0B7C-49F3-9147-01F4042E6842,A03BC9DE767C554882EE969C905B33E4)
29:109  0:000  found 2 handles with audio
29:109  0:000  No AudioIoDevice stored
29:109  0:000  no stored audio parameters
29:109  0:000  theme inited
29:109  0:000  Chosen embedded theme
29:109  0:000  after NVRAM boot-args=darkwake=0 -abm_firstpolldelay=20000
29:109  0:000  === [ ScanLoader ] ========================================
29:109  0:000  - [03]: 'EFI'
29:109  0:000          AddLoaderEntry for Volume Name=EFI
29:109  0:000          skipped because entry is hidden
29:109  0:000  - [04]: 'Install macOS Mojave'
29:109  0:000          AddLoaderEntry for Volume Name=Install macOS Mojave
29:111  0:001  - [06]: 'EFI'
29:111  0:000          AddLoaderEntry for Volume Name=EFI
29:111  0:000          AddLoaderEntry for Volume Name=EFI
29:111  0:000          skipped because entry is hidden
29:111  0:000  - [11]: 'EFI'
29:111  0:000          AddLoaderEntry for Volume Name=EFI
29:111  0:000          skipped because entry is hidden
29:111  0:000  - [12]: 'Preboot'
29:111  0:000          AddLoaderEntry for Volume Name=Preboot
29:112  0:000      Check if volume Is Hibernated:
29:112  0:000      Check sleep image 'by signature':
29:112  0:000      using default sleep image name = \private\var\vm\sleepimage
29:112  0:000      sleepimage not found -> Not Found
29:112  0:000      hibernated: no - sign
29:112  0:000          AddLoaderEntry for Volume Name=Preboot
29:113  0:000  - [13]: 'MacOS'
29:114  0:000          AddLoaderEntry for Volume Name=MacOS
29:114  0:000      Check if volume Is Hibernated:
29:114  0:000      Check sleep image 'by signature':
29:115  0:000      read prefs \Library\Preferences\com.apple.PowerManagement.plist status=Success
29:115  0:000      using default sleep image name = \private\var\vm\sleepimage
29:115  0:000      sleepimage not found -> Not Found
29:115  0:000      hibernated: no - sign
29:115  0:000  - [14]: 'Recovery'
29:115  0:000          AddLoaderEntry for Volume Name=Recovery
29:116  0:000  - [15]: 'VM'
29:116  0:000  === [ AddCustomTool ] =====================================
29:116  0:000  === [ GetEfiBootDeviceFromNvram ] =========================
29:116  0:000  Default boot entry not found
29:116  0:000  DefaultIndex=-1 and MainMenu.EntryCount=10
40:112  10:996  BootVariable of the entry is empty
40:112  0:000  === [ StartLoader ] =======================================
40:112  0:000  Finally: ExternalClock=25MHz BusSpeed=99694kHz CPUFreq=2492MHz PIS: hw.busfrequency=100000000Hz
40:112  0:000  Loading boot.efi  status=Success
40:194  0:081  GetOSVersion: 10.14.1 (18B75)
40:194  0:000  CSR_CFG: CSR_ALLOW_UNTRUSTED_KEXTS | CSR_ALLOW_UNRESTRICTED_FS | CSR_ALLOW_TASK_FOR_PID | CSR_ALLOW_UNRESTRICTED_DTRACE | CSR_ALLOW_UNRESTRICTED_NVRAM
40:194  0:000  Filtering KextPatches:
40:194  0:000   - [00]: com.apple.iokit.IOGraphicsFamily (Boot graphics glitch, 10.13 beta (based on denskop patch)) :: BinPatch :: [OS: 10.14.1 | MatchOS: 10.13.x | MatchBuild: All] ==> not allowed
40:194  0:000   - [01]: AppleUSBXHCIPCI (USB Port Limit Patch) :: BinPatch :: [OS: 10.14.1 | MatchOS: All | MatchBuild: All] ==> allowed
40:194  0:000   - [02]: com.apple.iokit.IOAHCIBlockStorage (Enable TRIM for SSD) :: BinPatch :: [OS: 10.14.1 | MatchOS: All | MatchBuild: All] ==> allowed
40:194  0:000   - [03]: com.apple.driver.AppleIntelSKLGraphicsFramebuffer (eDP, port 0000, 0x191e0000, 0x19160000, 0x19260000, 0x19270000, 0x191b0000, 0x19160002, 0x19260002, 0x191e0003, 0x19260004, 0x19270004, 0x193b0005 credit syscl) :: BinPatch :: [OS: 10.14.1 | MatchOS: All | MatchBuild: All] ==> allowed
40:194  0:000   - [04]: IONVMeFamily (External NVME Icon Patch   ) :: BinPatch :: [OS: 10.14.1 | MatchOS: All | MatchBuild: All] ==> allowed
40:194  0:000  Filtering KernelPatches:
40:194  0:000   - [00]: MSR 0xE2 _xcpm_idle instant reboot(c) Pike R. Alpha :: [OS: 10.14.1 | MatchOS: All | MatchBuild: no] ==> allowed by OS
40:194  0:000   - [01]: External NVMe FIX :: [OS: 10.14.1 | MatchOS: 10.13.x | MatchBuild: no] ==> disabled by user
40:194  0:000   - [02]: 10.13 Installer/Updater essential :: [OS: 10.14.1 | MatchOS: 10.12.x,10.13.x | MatchBuild: no] ==> not allowed by OS
40:194  0:000  Will not patch boot.efi
40:194  0:000  === [ PatchSmbios ] =======================================
40:194  0:000  insert table 9 for dev 0:0
40:194  0:000  insert table 9 for dev 0:0
40:194  0:000  Trusting SMBIOS...
40:194  0:000  Detected alternating SMBIOS channel banks
40:194  0:000  Channels: 1
40:194  0:000  Interleave: 0 1 2 3 4 5 6 7 8 9 10 11 12 13 14 15 16 17 18 19 20 21 22 23
40:195  0:000  SMBIOS Type 17 Index = 0 => 0 0:
40:195  0:000  BANK 0 DIMM0 EMPTY
40:195  0:000   partNum=M471A1K43CB1-CRC    
40:195  0:000  SMBIOS Type 17 Index = 1 => 1 1:
40:195  0:000  BANK 0 DIMM1 2400MHz 8192MB
40:195  0:000  mTotalSystemMemory = 8192
40:195  0:000  NumberOfMemoryDevices = 2
40:195  0:000  Type20[0]->End = 0x7FFFFF, Type17[1] = 0x2000
40:195  0:000  Table 131 is present, CPUType=31
40:195  0:000  Change to: 605
40:195  0:000  === [ PatchACPI ] =========================================
40:195  0:000  Xsdt reallocation done
40:195  0:000  old FADT length=10C
40:195  0:000   SignatureFixup: 0xE5A5A66C -> 0x0
40:195  0:000  Apply DsdtFixMask=0x002615F1
40:195  0:000     drop _DSM mask=0x0000
40:195  0:000  === [ FixBiosDsdt ] =======================================
40:195  0:000  Patching DSDT:
40:195  0:000   - [change EC0 to EC]: pattern 4543305F, patched at: [ (304C) (1B) (3E) (14) (14) (14) (14) (14) (14) (14) (14) (1E) (30) (E) (3C) (C) (18) (14) (14) (14) (27) (14) (13) (14) (14) (16) (1B) (10) (22) (20) (D) (22) (E) (22E) (13) (39) (13) (30) (13) (43) (48) (6E) (11) (12) (47) (12) (A7) (4F) (40) (11) (1F) (19) (7A5A) (10) (1D) (10) (33AF) (1315) (12) (44) (14) (1E) (E32) (651) (19) (18) (A1) (A6) (46) (17) (26) (18) (41) (85) (11DE) (268) (18) (2C) (15) (143) (16) (1E) (16) (289) (15) (15) (3A) (1C) (18) (21) (17) (1C) (15) (19) (17) (1C) (15) ]
40:195  0:000   - [change CLRI to XLRI for Battery Hotpatch]: pattern 434C5249, patched at: [ (3338) ]
40:195  0:000   - [change UPBS to XPBS for Battery Hotpatch]: pattern 55504253, patched at: [ (3905) ]
40:195  0:000   - [change UPBI to XPBI for Battery Hotpatch]: pattern 55504249, patched at: [ (3710) ]
40:196  0:000   - [change SMWR to XMWR for Battery Hotpatch]: pattern 534D5752, patched at: [ (F771) ]
40:196  0:000   - [change SMRD to XMRD for Battery Hotpatch]: pattern 534D5244, patched at: [ (F5F7) ]
40:196  0:000   - [change _BST to XBST for Battery Hotpatch]: pattern 5F425354, patched at: [ (36B0) ]
40:196  0:000   - [Change _OSI to XOSI]: disabled
40:196  0:000   - [change EHC1 to EH01]: pattern 45484331, bin not found / already patched!
40:196  0:000   - [change EHC2 to EH02]: pattern 45484332, bin not found / already patched!
40:196  0:000   - [change HDAS to HDEF]: pattern 48444153, patched at: [ (295) (12) (12) (5849) (84) (D) (2B) (32) (4F) (75) (C3) (1A942) ]
40:196  0:000   - [change HECI to IMEI]: pattern 48454349, patched at: [ (E816) ]
40:196  0:000   - [change MEI to IMEI]: pattern 4D45495F, bin not found / already patched!
40:196  0:000   - [change GFX0 to IGPU]: pattern 47465830, patched at: [ (51) (E) (12) (12) (12) (78) (12) (12) (12) (280) (157) (12) (2A6D) (BFFB) (34) (31) (A16) (17) (8) (16) (8) (3512) (197E) (14) (86BE) (14F2) ]
40:197  0:000    0 replacements
40:197  0:000  found RTC Length not match, Maybe will cause CMOS reset, will patch it.
40:197  0:000  found RTC had IRQNoFlag will move -3 bytes
40:198  0:000  found PIC had IRQNoFlag will move -3 bytes
40:198  0:000  Start HPET Fix
40:198  0:000  found LPCB device NAME(_ADR,0x001F0000) at 4CB2 And Name is LPCB
40:198  0:000  NewName LPCB already present, renaming impossible
40:199  0:000  _DSM already exists, patch LPC will not be applied
40:200  0:001  PreCleanup XSDT: count=30, length=276
40:200  0:000  PreCleanup XSDT, corrected XSDT: count=30, length=276
40:200  0:000  === [ ACPIDropTables ] ====================================
40:200  0:000  Drop tables from XSDT, SIGN=DMAR TableID=8259     Length=168
40:200  0:000   Table[27]: DMAR  8259      168 dropped
40:200  0:000  Drop tables from XSDT, SIGN=MCFG TableID=8259     Length=60
40:200  0:000   Table[14]: MCFG  8259      60 dropped
40:200  0:000  0. [change EC0 to EC]: pattern 4543305F, patched at: [ (11A) (16) (16) (16) (16) (16) (16) (16) (16) (16) (16) (16) (16) (16) (16) (16) (16) (16) (16) (16) (16) (16) (16) (16) (16) (2E6D) (19) (21) (26) (19) (21) (1A) (22) (1D) (26) (21) (36) (3A) (37) (37) (37) (43) (37) (37) (37) (37) (37) (37) (37) (37) (6D) (121) (4F) (7A) (4F) (4F) (36) (37) (37) (37) (37) (37) (37) (49) (99) (16) (16) (1E) (45) (16) (15) (16) (BC) (16) (1B4) (25) (15) (16) (15) (31C) (16) (16) (16) (105) (FF) (18) (15) (998) (17) (17) (32) (87) (1C) (15) (49) (23) (7F) (15) (7F) (18) (27) (26) (2BE) (17) (16) (16) (14) (2C) (40) (22) (B3) (1D) (16) (14) (3F) (1F) (5B) (1D) (65) (18) (24) (EB) (19) (1D) (21) (20) (53) (16) (15) (16) (14) (15) (10F2) (53) (51) ]
40:200  0:000  1. [change CLRI to XLRI for Battery Hotpatch]: pattern 434C5249, bin not found / already patched!
40:200  0:000  2. [change UPBS to XPBS for Battery Hotpatch]: pattern 55504253, bin not found / already patched!
40:200  0:000  3. [change UPBI to XPBI for Battery Hotpatch]: pattern 55504249, bin not found / already patched!
40:200  0:000  4. [change SMWR to XMWR for Battery Hotpatch]: pattern 534D5752, bin not found / already patched!
40:200  0:000  5. [change SMRD to XMRD for Battery Hotpatch]: pattern 534D5244, bin not found / already patched!
40:200  0:000  6. [change _BST to XBST for Battery Hotpatch]: pattern 5F425354, bin not found / already patched!
40:200  0:000  7. [Change _OSI to XOSI]: disabled
40:200  0:000  8. [change EHC1 to EH01]: pattern 45484331, bin not found / already patched!
40:200  0:000  9. [change EHC2 to EH02]: pattern 45484332, bin not found / already patched!
40:200  0:000  10. [change HDAS to HDEF]: pattern 48444153, bin not found / already patched!
40:200  0:000  11. [change HECI to IMEI]: pattern 48454349, bin not found / already patched!
40:200  0:000  12. [change MEI to IMEI]: pattern 4D45495F, bin not found / already patched!
40:200  0:000  13. [change GFX0 to IGPU]: pattern 47465830, patched at: [ (7C) (12) (12) (12) (12) (12) (12) (3D35) (13) (1B) (13) (1A) (13) (2A) (13) (1B) (13) (1A) (13) (23) (120) (46) (6A) (13) (1B) (13) (1A) (13) (2A) (13) (1B) (13) (1A) (13) (23) ]
40:200  0:000    0 replacements
40:200  0:000  Found OperationRegion(HNVS, SystemMemory, 8AE71000, ...)
40:200  0:000  0. [change EC0 to EC]: pattern 4543305F, bin not found / already patched!
40:200  0:000  1. [change CLRI to XLRI for Battery Hotpatch]: pattern 434C5249, bin not found / already patched!
40:200  0:000  2. [change UPBS to XPBS for Battery Hotpatch]: pattern 55504253, bin not found / already patched!
40:200  0:000  3. [change UPBI to XPBI for Battery Hotpatch]: pattern 55504249, bin not found / already patched!
40:200  0:000  4. [change SMWR to XMWR for Battery Hotpatch]: pattern 534D5752, bin not found / already patched!
40:201  0:000  5. [change SMRD to XMRD for Battery Hotpatch]: pattern 534D5244, bin not found / already patched!
40:201  0:000  6. [change _BST to XBST for Battery Hotpatch]: pattern 5F425354, bin not found / already patched!
40:201  0:000  7. [Change _OSI to XOSI]: disabled
40:201  0:000  8. [change EHC1 to EH01]: pattern 45484331, bin not found / already patched!
40:201  0:000  9. [change EHC2 to EH02]: pattern 45484332, bin not found / already patched!
40:201  0:000  10. [change HDAS to HDEF]: pattern 48444153, bin not found / already patched!
40:201  0:000  11. [change HECI to IMEI]: pattern 48454349, bin not found / already patched!
40:201  0:000  12. [change MEI to IMEI]: pattern 4D45495F, bin not found / already patched!
40:201  0:000  13. [change GFX0 to IGPU]: pattern 47465830, patched at: [ (2D) (20) (46) (25A) (1CB5) (A3A) (1D) (6EC) ]
40:201  0:000    0 replacements
40:201  0:000  Found OperationRegion(SANV, SystemMemory, 8AE6EA98, ...)
40:201  0:000  0. [change EC0 to EC]: pattern 4543305F, bin not found / already patched!
40:201  0:000  1. [change CLRI to XLRI for Battery Hotpatch]: pattern 434C5249, bin not found / already patched!
40:201  0:000  2. [change UPBS to XPBS for Battery Hotpatch]: pattern 55504253, bin not found / already patched!
40:201  0:000  3. [change UPBI to XPBI for Battery Hotpatch]: pattern 55504249, bin not found / already patched!
40:201  0:000  4. [change SMWR to XMWR for Battery Hotpatch]: pattern 534D5752, bin not found / already patched!
40:201  0:000  5. [change SMRD to XMRD for Battery Hotpatch]: pattern 534D5244, bin not found / already patched!
40:201  0:000  6. [change _BST to XBST for Battery Hotpatch]: pattern 5F425354, bin not found / already patched!
40:201  0:000  7. [Change _OSI to XOSI]: disabled
40:201  0:000  8. [change EHC1 to EH01]: pattern 45484331, bin not found / already patched!
40:201  0:000  9. [change EHC2 to EH02]: pattern 45484332, bin not found / already patched!
40:201  0:000  10. [change HDAS to HDEF]: pattern 48444153, bin not found / already patched!
40:201  0:000  11. [change HECI to IMEI]: pattern 48454349, bin not found / already patched!
40:201  0:000  12. [change MEI to IMEI]: pattern 4D45495F, bin not found / already patched!
40:201  0:000  13. [change GFX0 to IGPU]: pattern 47465830, bin not found / already patched!
40:201  0:000    0 replacements
40:201  0:000  0. [change EC0 to EC]: pattern 4543305F, patched at: [ (6DA) (12) (16) (16) (16) (16) (297) (16) (3A7) (15) (5CA) (D98) (15) (35) (21) (33) (E14) (27) ]
40:201  0:000  1. [change CLRI to XLRI for Battery Hotpatch]: pattern 434C5249, bin not found / already patched!
40:201  0:000  2. [change UPBS to XPBS for Battery Hotpatch]: pattern 55504253, bin not found / already patched!
40:201  0:000  3. [change UPBI to XPBI for Battery Hotpatch]: pattern 55504249, bin not found / already patched!
40:201  0:000  4. [change SMWR to XMWR for Battery Hotpatch]: pattern 534D5752, bin not found / already patched!
40:201  0:000  5. [change SMRD to XMRD for Battery Hotpatch]: pattern 534D5244, bin not found / already patched!
40:201  0:000  6. [change _BST to XBST for Battery Hotpatch]: pattern 5F425354, bin not found / already patched!
40:201  0:000  7. [Change _OSI to XOSI]: disabled
40:201  0:000  8. [change EHC1 to EH01]: pattern 45484331, bin not found / already patched!
40:201  0:000  9. [change EHC2 to EH02]: pattern 45484332, bin not found / already patched!
40:201  0:000  10. [change HDAS to HDEF]: pattern 48444153, bin not found / already patched!
40:201  0:000  11. [change HECI to IMEI]: pattern 48454349, bin not found / already patched!
40:201  0:000  12. [change MEI to IMEI]: pattern 4D45495F, bin not found / already patched!
40:201  0:000  13. [change GFX0 to IGPU]: pattern 47465830, bin not found / already patched!
40:201  0:000    0 replacements
40:201  0:000  0. [change EC0 to EC]: pattern 4543305F, bin not found / already patched!
40:201  0:000  1. [change CLRI to XLRI for Battery Hotpatch]: pattern 434C5249, bin not found / already patched!
40:201  0:000  2. [change UPBS to XPBS for Battery Hotpatch]: pattern 55504253, bin not found / already patched!
40:201  0:000  3. [change UPBI to XPBI for Battery Hotpatch]: pattern 55504249, bin not found / already patched!
40:201  0:000  4. [change SMWR to XMWR for Battery Hotpatch]: pattern 534D5752, bin not found / already patched!
40:201  0:000  5. [change SMRD to XMRD for Battery Hotpatch]: pattern 534D5244, bin not found / already patched!
40:201  0:000  6. [change _BST to XBST for Battery Hotpatch]: pattern 5F425354, bin not found / already patched!
40:201  0:000  7. [Change _OSI to XOSI]: disabled
40:201  0:000  8. [change EHC1 to EH01]: pattern 45484331, bin not found / already patched!
40:201  0:000  9. [change EHC2 to EH02]: pattern 45484332, bin not found / already patched!
40:201  0:000  10. [change HDAS to HDEF]: pattern 48444153, bin not found / already patched!
40:201  0:000  11. [change HECI to IMEI]: pattern 48454349, bin not found / already patched!
40:201  0:000  12. [change MEI to IMEI]: pattern 4D45495F, bin not found / already patched!
40:201  0:000  13. [change GFX0 to IGPU]: pattern 47465830, bin not found / already patched!
40:201  0:000    0 replacements
40:201  0:000  0. [change EC0 to EC]: pattern 4543305F, bin not found / already patched!
40:201  0:000  1. [change CLRI to XLRI for Battery Hotpatch]: pattern 434C5249, bin not found / already patched!
40:201  0:000  2. [change UPBS to XPBS for Battery Hotpatch]: pattern 55504253, bin not found / already patched!
40:201  0:000  3. [change UPBI to XPBI for Battery Hotpatch]: pattern 55504249, bin not found / already patched!
40:201  0:000  4. [change SMWR to XMWR for Battery Hotpatch]: pattern 534D5752, bin not found / already patched!
40:201  0:000  5. [change SMRD to XMRD for Battery Hotpatch]: pattern 534D5244, bin not found / already patched!
40:201  0:000  6. [change _BST to XBST for Battery Hotpatch]: pattern 5F425354, bin not found / already patched!
40:201  0:000  7. [Change _OSI to XOSI]: disabled
40:201  0:000  8. [change EHC1 to EH01]: pattern 45484331, bin not found / already patched!
40:201  0:000  9. [change EHC2 to EH02]: pattern 45484332, bin not found / already patched!
40:201  0:000  10. [change HDAS to HDEF]: pattern 48444153, bin not found / already patched!
40:201  0:000  11. [change HECI to IMEI]: pattern 48454349, bin not found / already patched!
40:201  0:000  12. [change MEI to IMEI]: pattern 4D45495F, bin not found / already patched!
40:201  0:000  13. [change GFX0 to IGPU]: pattern 47465830, bin not found / already patched!
40:201  0:000    0 replacements
40:201  0:000  0. [change EC0 to EC]: pattern 4543305F, bin not found / already patched!
40:201  0:000  1. [change CLRI to XLRI for Battery Hotpatch]: pattern 434C5249, bin not found / already patched!
40:201  0:000  2. [change UPBS to XPBS for Battery Hotpatch]: pattern 55504253, bin not found / already patched!
40:201  0:000  3. [change UPBI to XPBI for Battery Hotpatch]: pattern 55504249, bin not found / already patched!
40:201  0:000  4. [change SMWR to XMWR for Battery Hotpatch]: pattern 534D5752, bin not found / already patched!
40:201  0:000  5. [change SMRD to XMRD for Battery Hotpatch]: pattern 534D5244, bin not found / already patched!
40:201  0:000  6. [change _BST to XBST for Battery Hotpatch]: pattern 5F425354, bin not found / already patched!
40:201  0:000  7. [Change _OSI to XOSI]: disabled
40:201  0:000  8. [change EHC1 to EH01]: pattern 45484331, bin not found / already patched!
40:201  0:000  9. [change EHC2 to EH02]: pattern 45484332, bin not found / already patched!
40:201  0:000  10. [change HDAS to HDEF]: pattern 48444153, bin not found / already patched!
40:201  0:000  11. [change HECI to IMEI]: pattern 48454349, bin not found / already patched!
40:201  0:000  12. [change MEI to IMEI]: pattern 4D45495F, bin not found / already patched!
40:201  0:000  13. [change GFX0 to IGPU]: pattern 47465830, bin not found / already patched!
40:201  0:000    0 replacements
40:201  0:000  0. [change EC0 to EC]: pattern 4543305F, bin not found / already patched!
40:201  0:000  1. [change CLRI to XLRI for Battery Hotpatch]: pattern 434C5249, bin not found / already patched!
40:201  0:000  2. [change UPBS to XPBS for Battery Hotpatch]: pattern 55504253, bin not found / already patched!
40:201  0:000  3. [change UPBI to XPBI for Battery Hotpatch]: pattern 55504249, bin not found / already patched!
40:201  0:000  4. [change SMWR to XMWR for Battery Hotpatch]: pattern 534D5752, bin not found / already patched!
40:201  0:000  5. [change SMRD to XMRD for Battery Hotpatch]: pattern 534D5244, bin not found / already patched!
40:201  0:000  6. [change _BST to XBST for Battery Hotpatch]: pattern 5F425354, bin not found / already patched!
40:201  0:000  7. [Change _OSI to XOSI]: disabled
40:201  0:000  8. [change EHC1 to EH01]: pattern 45484331, bin not found / already patched!
40:201  0:000  9. [change EHC2 to EH02]: pattern 45484332, bin not found / already patched!
40:201  0:000  10. [change HDAS to HDEF]: pattern 48444153, bin not found / already patched!
40:201  0:000  11. [change HECI to IMEI]: pattern 48454349, bin not found / already patched!
40:201  0:000  12. [change MEI to IMEI]: pattern 4D45495F, bin not found / already patched!
40:201  0:000  13. [change GFX0 to IGPU]: pattern 47465830, bin not found / already patched!
40:201  0:000    0 replacements
40:201  0:000  0. [change EC0 to EC]: pattern 4543305F, bin not found / already patched!
40:201  0:000  1. [change CLRI to XLRI for Battery Hotpatch]: pattern 434C5249, bin not found / already patched!
40:201  0:000  2. [change UPBS to XPBS for Battery Hotpatch]: pattern 55504253, bin not found / already patched!
40:201  0:000  3. [change UPBI to XPBI for Battery Hotpatch]: pattern 55504249, bin not found / already patched!
40:201  0:000  4. [change SMWR to XMWR for Battery Hotpatch]: pattern 534D5752, bin not found / already patched!
40:201  0:000  5. [change SMRD to XMRD for Battery Hotpatch]: pattern 534D5244, bin not found / already patched!
40:201  0:000  6. [change _BST to XBST for Battery Hotpatch]: pattern 5F425354, bin not found / already patched!
40:201  0:000  7. [Change _OSI to XOSI]: disabled
40:201  0:000  8. [change EHC1 to EH01]: pattern 45484331, bin not found / already patched!
40:201  0:000  9. [change EHC2 to EH02]: pattern 45484332, bin not found / already patched!
40:201  0:000  10. [change HDAS to HDEF]: pattern 48444153, bin not found / already patched!
40:201  0:000  11. [change HECI to IMEI]: pattern 48454349, bin not found / already patched!
40:201  0:000  12. [change MEI to IMEI]: pattern 4D45495F, bin not found / already patched!
40:201  0:000  13. [change GFX0 to IGPU]: pattern 47465830, bin not found / already patched!
40:201  0:000    0 replacements
40:201  0:000  0. [change EC0 to EC]: pattern 4543305F, bin not found / already patched!
40:201  0:000  1. [change CLRI to XLRI for Battery Hotpatch]: pattern 434C5249, bin not found / already patched!
40:201  0:000  2. [change UPBS to XPBS for Battery Hotpatch]: pattern 55504253, bin not found / already patched!
40:201  0:000  3. [change UPBI to XPBI for Battery Hotpatch]: pattern 55504249, bin not found / already patched!
40:201  0:000  4. [change SMWR to XMWR for Battery Hotpatch]: pattern 534D5752, bin not found / already patched!
40:201  0:000  5. [change SMRD to XMRD for Battery Hotpatch]: pattern 534D5244, bin not found / already patched!
40:201  0:000  6. [change _BST to XBST for Battery Hotpatch]: pattern 5F425354, bin not found / already patched!
40:201  0:000  7. [Change _OSI to XOSI]: disabled
40:201  0:000  8. [change EHC1 to EH01]: pattern 45484331, bin not found / already patched!
40:201  0:000  9. [change EHC2 to EH02]: pattern 45484332, bin not found / already patched!
40:201  0:000  10. [change HDAS to HDEF]: pattern 48444153, bin not found / already patched!
40:201  0:000  11. [change HECI to IMEI]: pattern 48454349, bin not found / already patched!
40:201  0:000  12. [change MEI to IMEI]: pattern 4D45495F, bin not found / already patched!
40:201  0:000  13. [change GFX0 to IGPU]: pattern 47465830, bin not found / already patched!
40:201  0:000    0 replacements
40:201  0:000  0. [change EC0 to EC]: pattern 4543305F, bin not found / already patched!
40:201  0:000  1. [change CLRI to XLRI for Battery Hotpatch]: pattern 434C5249, bin not found / already patched!
40:201  0:000  2. [change UPBS to XPBS for Battery Hotpatch]: pattern 55504253, bin not found / already patched!
40:201  0:000  3. [change UPBI to XPBI for Battery Hotpatch]: pattern 55504249, bin not found / already patched!
40:201  0:000  4. [change SMWR to XMWR for Battery Hotpatch]: pattern 534D5752, bin not found / already patched!
40:201  0:000  5. [change SMRD to XMRD for Battery Hotpatch]: pattern 534D5244, bin not found / already patched!
40:201  0:000  6. [change _BST to XBST for Battery Hotpatch]: pattern 5F425354, bin not found / already patched!
40:201  0:000  7. [Change _OSI to XOSI]: disabled
40:201  0:000  8. [change EHC1 to EH01]: pattern 45484331, bin not found / already patched!
40:201  0:000  9. [change EHC2 to EH02]: pattern 45484332, bin not found / already patched!
40:201  0:000  10. [change HDAS to HDEF]: pattern 48444153, bin not found / already patched!
40:201  0:000  11. [change HECI to IMEI]: pattern 48454349, bin not found / already patched!
40:201  0:000  12. [change MEI to IMEI]: pattern 4D45495F, bin not found / already patched!
40:201  0:000  13. [change GFX0 to IGPU]: pattern 47465830, bin not found / already patched!
40:202  0:000    0 replacements
40:202  0:000  Found OperationRegion(PNVS, SystemMemory, 721DC000, ...)
40:202  0:000  0. [change EC0 to EC]: pattern 4543305F, patched at: [ (2F5) (2E) (3B) (16) (A45) (DA) (1228) (7DD) (16) (17) (174) ]
40:202  0:000  1. [change CLRI to XLRI for Battery Hotpatch]: pattern 434C5249, bin not found / already patched!
40:202  0:000  2. [change UPBS to XPBS for Battery Hotpatch]: pattern 55504253, bin not found / already patched!
40:202  0:000  3. [change UPBI to XPBI for Battery Hotpatch]: pattern 55504249, bin not found / already patched!
40:202  0:000  4. [change SMWR to XMWR for Battery Hotpatch]: pattern 534D5752, bin not found / already patched!
40:202  0:000  5. [change SMRD to XMRD for Battery Hotpatch]: pattern 534D5244, bin not found / already patched!
40:202  0:000  6. [change _BST to XBST for Battery Hotpatch]: pattern 5F425354, bin not found / already patched!
40:202  0:000  7. [Change _OSI to XOSI]: disabled
40:202  0:000  8. [change EHC1 to EH01]: pattern 45484331, bin not found / already patched!
40:202  0:000  9. [change EHC2 to EH02]: pattern 45484332, bin not found / already patched!
40:202  0:000  10. [change HDAS to HDEF]: pattern 48444153, bin not found / already patched!
40:202  0:000  11. [change HECI to IMEI]: pattern 48454349, bin not found / already patched!
40:202  0:000  12. [change MEI to IMEI]: pattern 4D45495F, bin not found / already patched!
40:202  0:000  13. [change GFX0 to IGPU]: pattern 47465830, patched at: [ (55) (28) (12) (12) (12) (12) (12) (12) (12) (12) (12) (12) (12) (12) (12) (12) (12) (12) (410) (50) (15DB) (599) (E40) (13) (28) (27) (13) (28) (27) (13) (28) (27) (13) (28) (27) (13) (28) (27) (13) (28) (27) (13) (28) (27) (13) (28) (27) (13) (28) (27) (13) (28) (27) (13) (28) (27) (13) (28) (27) (13) (28) (27) (13) (28) (27) (13) (28) (27) (13) (28) ]
40:202  0:000    0 replacements
40:202  0:000  Found OperationRegion(VBOR, SystemMemory, 8AE16018, ...)
40:202  0:000  Found OperationRegion(SGOP, SystemMemory, 8A78E018, ...)
40:202  0:000  Found OperationRegion(NOPR, SystemMemory, 8AE13018, ...)
40:202  0:000  === [ ACPIPatchedAML ] ====================================
40:202  0:000  Unsorted
40:202  0:000  Inserting SSDT-XOSI.aml from EFI\CLOVER\ACPI\patched: size=178 ... Success
40:203  0:000  Inserting SSDT-XHC.aml from EFI\CLOVER\ACPI\patched: size=384 ... Success
40:203  0:000  Inserting SSDT-UIAC.aml from EFI\CLOVER\ACPI\patched: size=533 ... Success
40:203  0:000  Inserting SSDT-SMBUS.aml from EFI\CLOVER\ACPI\patched: size=138 ... Success
40:203  0:000  Inserting SSDT-SATA.aml from EFI\CLOVER\ACPI\patched: size=296 ... Success
40:203  0:000  Inserting SSDT-PNLF.aml from EFI\CLOVER\ACPI\patched: size=1028 ... Success
40:203  0:000  Inserting SSDT-PluginType1.aml from EFI\CLOVER\ACPI\patched: size=96 ... Success
40:203  0:000  Inserting SSDT-IMEI.aml from EFI\CLOVER\ACPI\patched: size=303 ... Success
40:203  0:000  Inserting SSDT-IGPU.aml from EFI\CLOVER\ACPI\patched: size=5336 ... Success
40:203  0:000  Inserting SSDT-HDEF.aml from EFI\CLOVER\ACPI\patched: size=245 ... Success
40:203  0:000  Inserting SSDT-GPRW.aml from EFI\CLOVER\ACPI\patched: size=87 ... Success
40:203  0:000  Inserting SSDT-Fn.aml from EFI\CLOVER\ACPI\patched: size=164 ... Success
40:203  0:000  Inserting SSDT-EN0.aml from EFI\CLOVER\ACPI\patched: size=133 ... Success
40:203  0:000  Inserting SSDT-Disable_DGPU.aml from EFI\CLOVER\ACPI\patched: size=224 ... Success
40:203  0:000  Inserting SSDT-Config.aml from EFI\CLOVER\ACPI\patched: size=893 ... Success
40:203  0:000  Inserting SSDT-BATT.aml from EFI\CLOVER\ACPI\patched: size=2682 ... Success
40:203  0:000  Inserting SSDT-ALC295.aml from EFI\CLOVER\ACPI\patched: size=724 ... Success
40:203  0:000  CPUBase=0 and ApicCPUBase=1 ApicCPUNum=8
40:203  0:000  Cleanup XSDT: count=47, length=412
40:203  0:000  corrected XSDT count=45, length=396
40:203  0:000  === [ RestSetup macOS ] ===================================
40:203  0:000  EdidDiscovered size=128
40:203  0:000  --- Discovered EDID Table size:128
40:203  0:000  000  |  00  FF  FF  FF  FF  FF  FF  00  06  AF
40:203  0:000  010  |  ED  41  00  00  00  00  00  19  01  04
40:203  0:000  020  |  95  22  13  78  02  2E  8E  95  58  59
40:203  0:000  030  |  93  29  25  53  5A  00  00  00  01  01
40:203  0:000  040  |  01  01  01  01  01  01  01  01  01  01
40:203  0:000  050  |  01  01  01  01  14  37  80  B4  70  38
40:203  0:000  060  |  26  40  6C  30  AA  00  58  C1  10  00
40:203  0:000  070  |  00  18  B8  24  80  B4  70  38  26  40
40:203  0:000  080  |  6C  30  AA  00  58  C1  10  00  00  18
40:203  0:000  090  |  00  00  00  00  00  00  00  00  00  00
40:203  0:000  100  |  00  00  00  00  00  00  00  00  00  00
40:203  0:000  110  |  00  02  00  10  48  FF  0F  3C  6E  1E
40:203  0:000  120  |  14  21  6E  20  20  20  00  35
40:203  0:000  Intel HD Graphics 630 [8086:591B] :: PciRoot(0x0)\Pci(0x2,0x0)
40:203  0:000    Additional Intel GFX properties injected, continue
40:203  0:000    FakeID Intel GFX = 0x59168086
40:203  0:000    ig-platform-id = 0x591B0000
40:203  0:000  Intel GFX revision  = 0x4
40:203  0:000   RCBA disabled; cannot use it
40:203  0:000   setting specified layout-id=3 (0x3)
40:203  0:000  stringlength = 2210
40:203  0:000  CurrentMode: Width=1920 Height=1080
40:203  0:000  Beginning FSInjection
FSInjectionInstall ...
- Our FSI_SIMPLE_FILE_SYSTEM_PROTOCOL installed on handle: 7A7D3A58
FSInjectionInstall ...
- Our FSI_SIMPLE_FILE_SYSTEM_PROTOCOL installed on handle: 7A7D3A58
40:212  0:008  Use origin smbios table type 1 guid.
40:212  0:000  Preparing kexts injection for arch=x86_64 from EFI\CLOVER\kexts\Other
40:212  0:000  Extra kext: EFI\CLOVER\kexts\Other\WhateverGreen.kext (v.1.2.4)
40:217  0:004  Extra kext: EFI\CLOVER\kexts\Other\VoodooPS2Controller.kext (v.1.9.2)
40:218  0:001    |-- PlugIn kext: EFI\CLOVER\kexts\Other\VoodooPS2Controller.kext\Contents\PlugIns\VoodooPS2Trackpad.kext (v.1.9.2)
40:220  0:001    |-- PlugIn kext: EFI\CLOVER\kexts\Other\VoodooPS2Controller.kext\Contents\PlugIns\VoodooPS2Mouse.kext (v.1.9.2)
40:221  0:000    |-- PlugIn kext: EFI\CLOVER\kexts\Other\VoodooPS2Controller.kext\Contents\PlugIns\VoodooPS2Keyboard.kext (v.1.9.2)
40:222  0:001  Extra kext: EFI\CLOVER\kexts\Other\USBInjectAll.kext (v.0.7.1)
40:264  0:041  Extra kext: EFI\CLOVER\kexts\Other\Sinetek-rtsx.kext (v.1)
40:266  0:001  Extra kext: EFI\CLOVER\kexts\Other\RealtekRTL8111.kext (v.2.2.1)
40:270  0:004  Extra kext: EFI\CLOVER\kexts\Other\NoTouchID.kext (v.1.0.1)
40:271  0:001  Extra kext: EFI\CLOVER\kexts\Other\Lilu.kext (v.1.2.8)
40:273  0:002  Extra kext: EFI\CLOVER\kexts\Other\HibernationFixup.kext (v.1.2.3)
40:275  0:001  Extra kext: EFI\CLOVER\kexts\Other\FakeSMC.kext (v.1800)
40:278  0:002  Extra kext: EFI\CLOVER\kexts\Other\CPUFriendDataProvider.kext (v.1.0.0)
40:278  0:000  Extra kext: EFI\CLOVER\kexts\Other\CPUFriend.kext (v.1.1.5)
40:279  0:001  Extra kext: EFI\CLOVER\kexts\Other\CodecCommander.kext (v.2.7.1)
40:284  0:004  Extra kext: EFI\CLOVER\kexts\Other\BT4LEContiunityFixup.kext (v.1.1.2)
40:285  0:001  Extra kext: EFI\CLOVER\kexts\Other\BrcmPatchRAM2.kext (v.2.2.10)
40:302  0:017  Extra kext: EFI\CLOVER\kexts\Other\BrcmFirmwareData.kext (v.2.2.10)
40:322  0:020  Extra kext: EFI\CLOVER\kexts\Other\AppleBacklightFixup.kext (v.1.0.2)
40:325  0:002  Extra kext: EFI\CLOVER\kexts\Other\AppleALC.kext (v.1.3.3)
40:392  0:066  Extra kext: EFI\CLOVER\kexts\Other\AirportBrcmFixup.kext (v.1.1.6)
40:395  0:003  Extra kext: EFI\CLOVER\kexts\Other\ACPIBatteryManager.kext (v.1.90.1)
40:398  0:002  Preparing kexts injection for arch=x86_64 from EFI\CLOVER\kexts\10.14
40:401  0:003  SetScreenResolution: 1920x1080 - already set
40:401  0:000  Custom boot is disabled
40:402  0:001  Closing log
